CRITICAL - 2024-06-14 13:12:17 --> CodeIgniter\Database\Exceptions\DataException: There is no data to insert.
in SYSTEMPATH\BaseModel.php on line 788.
 1 SYSTEMPATH\BaseModel.php(788): CodeIgniter\Database\Exceptions\DataException::forEmptyDataset('insert')
 2 SYSTEMPATH\Model.php(744): CodeIgniter\BaseModel->insert([], true)
 3 APPPATH\Controllers\RegisterController.php(66): CodeIgniter\Model->insert([...])
 4 SYSTEMPATH\CodeIgniter.php(941): App\Controllers\RegisterController->login_insert()
 5 SYSTEMPATH\CodeIgniter.php(502): CodeIgniter\CodeIgniter->runController(Object(App\Controllers\RegisterController))
 6 SYSTEMPATH\CodeIgniter.php(361): CodeIgniter\CodeIgniter->handleRequest(null, Object(Config\Cache), false)
 7 FCPATH\index.php(79): CodeIgniter\CodeIgniter->run()
 8 SYSTEMPATH\Commands\Server\rewrite.php(47): require_once('C:\\xampp\\htdocs\\E_commerce\\public\\index.php')
CRITICAL - 2024-06-14 13:14:33 --> CodeIgniter\Database\Exceptions\DataException: There is no data to insert.
in SYSTEMPATH\BaseModel.php on line 788.
 1 SYSTEMPATH\BaseModel.php(788): CodeIgniter\Database\Exceptions\DataException::forEmptyDataset('insert')
 2 SYSTEMPATH\Model.php(744): CodeIgniter\BaseModel->insert([], true)
 3 APPPATH\Controllers\RegisterController.php(66): CodeIgniter\Model->insert([...])
 4 SYSTEMPATH\CodeIgniter.php(941): App\Controllers\RegisterController->login_insert()
 5 SYSTEMPATH\CodeIgniter.php(502): CodeIgniter\CodeIgniter->runController(Object(App\Controllers\RegisterController))
 6 SYSTEMPATH\CodeIgniter.php(361): CodeIgniter\CodeIgniter->handleRequest(null, Object(Config\Cache), false)
 7 FCPATH\index.php(79): CodeIgniter\CodeIgniter->run()
 8 SYSTEMPATH\Commands\Server\rewrite.php(47): require_once('C:\\xampp\\htdocs\\E_commerce\\public\\index.php')
CRITICAL - 2024-06-14 13:16:40 --> CodeIgniter\Database\Exceptions\DataException: There is no data to insert.
in SYSTEMPATH\BaseModel.php on line 788.
 1 SYSTEMPATH\BaseModel.php(788): CodeIgniter\Database\Exceptions\DataException::forEmptyDataset('insert')
 2 SYSTEMPATH\Model.php(744): CodeIgniter\BaseModel->insert([], true)
 3 APPPATH\Controllers\RegisterController.php(66): CodeIgniter\Model->insert([...])
 4 SYSTEMPATH\CodeIgniter.php(941): App\Controllers\RegisterController->login_insert()
 5 SYSTEMPATH\CodeIgniter.php(502): CodeIgniter\CodeIgniter->runController(Object(App\Controllers\RegisterController))
 6 SYSTEMPATH\CodeIgniter.php(361): CodeIgniter\CodeIgniter->handleRequest(null, Object(Config\Cache), false)
 7 FCPATH\index.php(79): CodeIgniter\CodeIgniter->run()
 8 SYSTEMPATH\Commands\Server\rewrite.php(47): require_once('C:\\xampp\\htdocs\\E_commerce\\public\\index.php')
CRITICAL - 2024-06-14 13:39:12 --> CodeIgniter\Database\Exceptions\DataException: There is no data to insert.
in SYSTEMPATH\BaseModel.php on line 788.
 1 SYSTEMPATH\BaseModel.php(788): CodeIgniter\Database\Exceptions\DataException::forEmptyDataset('insert')
 2 SYSTEMPATH\Model.php(744): CodeIgniter\BaseModel->insert([], true)
 3 APPPATH\Controllers\RegisterController.php(63): CodeIgniter\Model->insert([...])
 4 SYSTEMPATH\CodeIgniter.php(941): App\Controllers\RegisterController->login_insert()
 5 SYSTEMPATH\CodeIgniter.php(502): CodeIgniter\CodeIgniter->runController(Object(App\Controllers\RegisterController))
 6 SYSTEMPATH\CodeIgniter.php(361): CodeIgniter\CodeIgniter->handleRequest(null, Object(Config\Cache), false)
 7 FCPATH\index.php(79): CodeIgniter\CodeIgniter->run()
 8 SYSTEMPATH\Commands\Server\rewrite.php(47): require_once('C:\\xampp\\htdocs\\E_commerce\\public\\index.php')
CRITICAL - 2024-06-14 13:43:08 --> CodeIgniter\Database\Exceptions\DataException: There is no data to insert.
in SYSTEMPATH\BaseModel.php on line 788.
 1 SYSTEMPATH\BaseModel.php(788): CodeIgniter\Database\Exceptions\DataException::forEmptyDataset('insert')
 2 SYSTEMPATH\Model.php(744): CodeIgniter\BaseModel->insert([], true)
 3 APPPATH\Controllers\RegisterController.php(63): CodeIgniter\Model->insert([...])
 4 SYSTEMPATH\CodeIgniter.php(941): App\Controllers\RegisterController->login_insert()
 5 SYSTEMPATH\CodeIgniter.php(502): CodeIgniter\CodeIgniter->runController(Object(App\Controllers\RegisterController))
 6 SYSTEMPATH\CodeIgniter.php(361): CodeIgniter\CodeIgniter->handleRequest(null, Object(Config\Cache), false)
 7 FCPATH\index.php(79): CodeIgniter\CodeIgniter->run()
 8 SYSTEMPATH\Commands\Server\rewrite.php(47): require_once('C:\\xampp\\htdocs\\E_commerce\\public\\index.php')
ERROR - 2024-06-14 14:02:15 --> mysqli_sql_exception: Unknown column 'username' in 'field list' in C:\xampp\htdocs\E_commerce\system\Database\MySQLi\Connection.php:306
Stack trace:
#0 C:\xampp\htdocs\E_commerce\system\Database\MySQLi\Connection.php(306): mysqli->query('INSERT INTO `lo...', 0)
#1 C:\xampp\htdocs\E_commerce\system\Database\BaseConnection.php(693): CodeIgniter\Database\MySQLi\Connection->execute('INSERT INTO `lo...')
#2 C:\xampp\htdocs\E_commerce\system\Database\BaseConnection.php(607): CodeIgniter\Database\BaseConnection->simpleQuery('INSERT INTO `lo...')
#3 C:\xampp\htdocs\E_commerce\system\Database\BaseBuilder.php(2302): CodeIgniter\Database\BaseConnection->query('INSERT INTO `lo...', Array, false)
#4 C:\xampp\htdocs\E_commerce\system\Model.php(326): CodeIgniter\Database\BaseBuilder->insert()
#5 C:\xampp\htdocs\E_commerce\system\BaseModel.php(802): CodeIgniter\Model->doInsert(Array)
#6 C:\xampp\htdocs\E_commerce\system\Model.php(744): CodeIgniter\BaseModel->insert(Array, true)
#7 C:\xampp\htdocs\E_commerce\app\Controllers\RegisterController.php(63): CodeIgniter\Model->insert(Array)
#8 C:\xampp\htdocs\E_commerce\system\CodeIgniter.php(941): App\Controllers\RegisterController->login_insert()
#9 C:\xampp\htdocs\E_commerce\system\CodeIgniter.php(502): CodeIgniter\CodeIgniter->runController(Object(App\Controllers\RegisterController))
#10 C:\xampp\htdocs\E_commerce\system\CodeIgniter.php(361): CodeIgniter\CodeIgniter->handleRequest(NULL, Object(Config\Cache), false)
#11 C:\xampp\htdocs\E_commerce\public\index.php(79): CodeIgniter\CodeIgniter->run()
#12 C:\xampp\htdocs\E_commerce\system\Commands\Server\rewrite.php(47): require_once('C:\\xampp\\htdocs...')
#13 {main}
CRITICAL - 2024-06-14 14:02:15 --> CodeIgniter\Database\Exceptions\DatabaseException: Unknown column 'username' in 'field list'
in SYSTEMPATH\Database\BaseConnection.php on line 647.
 1 SYSTEMPATH\Database\BaseBuilder.php(2302): CodeIgniter\Database\BaseConnection->query('INSERT INTO `login_users` (`username`, `password`) VALUES (:username:, :password:)', [...], false)
 2 SYSTEMPATH\Model.php(326): CodeIgniter\Database\BaseBuilder->insert()
 3 SYSTEMPATH\BaseModel.php(802): CodeIgniter\Model->doInsert([...])
 4 SYSTEMPATH\Model.php(744): CodeIgniter\BaseModel->insert([...], true)
 5 APPPATH\Controllers\RegisterController.php(63): CodeIgniter\Model->insert([...])
 6 SYSTEMPATH\CodeIgniter.php(941): App\Controllers\RegisterController->login_insert()
 7 SYSTEMPATH\CodeIgniter.php(502): CodeIgniter\CodeIgniter->runController(Object(App\Controllers\RegisterController))
 8 SYSTEMPATH\CodeIgniter.php(361): CodeIgniter\CodeIgniter->handleRequest(null, Object(Config\Cache), false)
 9 FCPATH\index.php(79): CodeIgniter\CodeIgniter->run()
10 SYSTEMPATH\Commands\Server\rewrite.php(47): require_once('C:\\xampp\\htdocs\\E_commerce\\public\\index.php')
CRITICAL - 2024-06-14 14:02:15 --> [Caused by] CodeIgniter\Database\Exceptions\DatabaseException: Unknown column 'username' in 'field list'
in SYSTEMPATH\Database\MySQLi\Connection.php on line 311.
 1 SYSTEMPATH\Database\BaseConnection.php(693): CodeIgniter\Database\MySQLi\Connection->execute('INSERT INTO `login_users` (`username`, `password`) VALUES (\'sejal waman\', \'sejal1211\')')
 2 SYSTEMPATH\Database\BaseConnection.php(607): CodeIgniter\Database\BaseConnection->simpleQuery('INSERT INTO `login_users` (`username`, `password`) VALUES (\'sejal waman\', \'sejal1211\')')
 3 SYSTEMPATH\Database\BaseBuilder.php(2302): CodeIgniter\Database\BaseConnection->query('INSERT INTO `login_users` (`username`, `password`) VALUES (:username:, :password:)', [...], false)
 4 SYSTEMPATH\Model.php(326): CodeIgniter\Database\BaseBuilder->insert()
 5 SYSTEMPATH\BaseModel.php(802): CodeIgniter\Model->doInsert([...])
 6 SYSTEMPATH\Model.php(744): CodeIgniter\BaseModel->insert([...], true)
 7 APPPATH\Controllers\RegisterController.php(63): CodeIgniter\Model->insert([...])
 8 SYSTEMPATH\CodeIgniter.php(941): App\Controllers\RegisterController->login_insert()
 9 SYSTEMPATH\CodeIgniter.php(502): CodeIgniter\CodeIgniter->runController(Object(App\Controllers\RegisterController))
10 SYSTEMPATH\CodeIgniter.php(361): CodeIgniter\CodeIgniter->handleRequest(null, Object(Config\Cache), false)
11 FCPATH\index.php(79): CodeIgniter\CodeIgniter->run()
12 SYSTEMPATH\Commands\Server\rewrite.php(47): require_once('C:\\xampp\\htdocs\\E_commerce\\public\\index.php')
CRITICAL - 2024-06-14 14:02:15 --> [Caused by] mysqli_sql_exception: Unknown column 'username' in 'field list'
in SYSTEMPATH\Database\MySQLi\Connection.php on line 306.
 1 SYSTEMPATH\Database\MySQLi\Connection.php(306): mysqli->query('INSERT INTO `login_users` (`username`, `password`) VALUES (\'sejal waman\', \'sejal1211\')', 0)
 2 SYSTEMPATH\Database\BaseConnection.php(693): CodeIgniter\Database\MySQLi\Connection->execute('INSERT INTO `login_users` (`username`, `password`) VALUES (\'sejal waman\', \'sejal1211\')')
 3 SYSTEMPATH\Database\BaseConnection.php(607): CodeIgniter\Database\BaseConnection->simpleQuery('INSERT INTO `login_users` (`username`, `password`) VALUES (\'sejal waman\', \'sejal1211\')')
 4 SYSTEMPATH\Database\BaseBuilder.php(2302): CodeIgniter\Database\BaseConnection->query('INSERT INTO `login_users` (`username`, `password`) VALUES (:username:, :password:)', [...], false)
 5 SYSTEMPATH\Model.php(326): CodeIgniter\Database\BaseBuilder->insert()
 6 SYSTEMPATH\BaseModel.php(802): CodeIgniter\Model->doInsert([...])
 7 SYSTEMPATH\Model.php(744): CodeIgniter\BaseModel->insert([...], true)
 8 APPPATH\Controllers\RegisterController.php(63): CodeIgniter\Model->insert([...])
 9 SYSTEMPATH\CodeIgniter.php(941): App\Controllers\RegisterController->login_insert()
10 SYSTEMPATH\CodeIgniter.php(502): CodeIgniter\CodeIgniter->runController(Object(App\Controllers\RegisterController))
11 SYSTEMPATH\CodeIgniter.php(361): CodeIgniter\CodeIgniter->handleRequest(null, Object(Config\Cache), false)
12 FCPATH\index.php(79): CodeIgniter\CodeIgniter->run()
13 SYSTEMPATH\Commands\Server\rewrite.php(47): require_once('C:\\xampp\\htdocs\\E_commerce\\public\\index.php')
CRITICAL - 2024-06-14 17:55:07 --> CodeIgniter\View\Exceptions\ViewException: Invalid file: "Commerce/women.php"
in SYSTEMPATH\Exceptions\FrameworkException.php on line 39.
 1 SYSTEMPATH\View\View.php(216): CodeIgniter\Exceptions\FrameworkException::forInvalidFile('Commerce/women.php')
 2 SYSTEMPATH\Common.php(1178): CodeIgniter\View\View->render('Commerce/women', [], true)
 3 APPPATH\Controllers\CategoryController.php(21): view('Commerce/women')
 4 SYSTEMPATH\CodeIgniter.php(941): App\Controllers\CategoryController->women()
 5 SYSTEMPATH\CodeIgniter.php(502): CodeIgniter\CodeIgniter->runController(Object(App\Controllers\CategoryController))
 6 SYSTEMPATH\CodeIgniter.php(361): CodeIgniter\CodeIgniter->handleRequest(null, Object(Config\Cache), false)
 7 FCPATH\index.php(79): CodeIgniter\CodeIgniter->run()
 8 SYSTEMPATH\Commands\Server\rewrite.php(47): require_once('C:\\xampp\\htdocs\\E_commerce\\public\\index.php')
CRITICAL - 2024-06-14 17:55:47 --> CodeIgniter\View\Exceptions\ViewException: Invalid file: "Commerce/women.php"
in SYSTEMPATH\Exceptions\FrameworkException.php on line 39.
 1 SYSTEMPATH\View\View.php(216): CodeIgniter\Exceptions\FrameworkException::forInvalidFile('Commerce/women.php')
 2 SYSTEMPATH\Common.php(1178): CodeIgniter\View\View->render('Commerce/women', [], true)
 3 APPPATH\Controllers\CategoryController.php(21): view('Commerce/women')
 4 SYSTEMPATH\CodeIgniter.php(941): App\Controllers\CategoryController->women()
 5 SYSTEMPATH\CodeIgniter.php(502): CodeIgniter\CodeIgniter->runController(Object(App\Controllers\CategoryController))
 6 SYSTEMPATH\CodeIgniter.php(361): CodeIgniter\CodeIgniter->handleRequest(null, Object(Config\Cache), false)
 7 FCPATH\index.php(79): CodeIgniter\CodeIgniter->run()
 8 SYSTEMPATH\Commands\Server\rewrite.php(47): require_once('C:\\xampp\\htdocs\\E_commerce\\public\\index.php')
CRITICAL - 2024-06-14 17:56:34 --> CodeIgniter\View\Exceptions\ViewException: Invalid file: "Commerce/women.php"
in SYSTEMPATH\Exceptions\FrameworkException.php on line 39.
 1 SYSTEMPATH\View\View.php(216): CodeIgniter\Exceptions\FrameworkException::forInvalidFile('Commerce/women.php')
 2 SYSTEMPATH\Common.php(1178): CodeIgniter\View\View->render('Commerce/women', [], true)
 3 APPPATH\Controllers\CategoryController.php(21): view('Commerce/women')
 4 SYSTEMPATH\CodeIgniter.php(941): App\Controllers\CategoryController->women()
 5 SYSTEMPATH\CodeIgniter.php(502): CodeIgniter\CodeIgniter->runController(Object(App\Controllers\CategoryController))
 6 SYSTEMPATH\CodeIgniter.php(361): CodeIgniter\CodeIgniter->handleRequest(null, Object(Config\Cache), false)
 7 FCPATH\index.php(79): CodeIgniter\CodeIgniter->run()
 8 SYSTEMPATH\Commands\Server\rewrite.php(47): require_once('C:\\xampp\\htdocs\\E_commerce\\public\\index.php')
