CRITICAL - 2024-06-22 17:45:06 --> CodeIgniter\View\Exceptions\ViewException: Invalid file: "men_category/ethnic_wear.php"
in SYSTEMPATH\Exceptions\FrameworkException.php on line 39.
 1 SYSTEMPATH\View\View.php(216): CodeIgniter\Exceptions\FrameworkException::forInvalidFile('men_category/ethnic_wear.php')
 2 SYSTEMPATH\Common.php(1178): CodeIgniter\View\View->render('men_category/ethnic_wear', [], true)
 3 APPPATH\Controllers\CategoryTypesController.php(62): view('men_category/ethnic_wear')
 4 SYSTEMPATH\CodeIgniter.php(941): App\Controllers\CategoryTypesController->ethnic_wear()
 5 SYSTEMPATH\CodeIgniter.php(502): CodeIgniter\CodeIgniter->runController(Object(App\Controllers\CategoryTypesController))
 6 SYSTEMPATH\CodeIgniter.php(361): CodeIgniter\CodeIgniter->handleRequest(null, Object(Config\Cache), false)
 7 FCPATH\index.php(79): CodeIgniter\CodeIgniter->run()
 8 SYSTEMPATH\Commands\Server\rewrite.php(47): require_once('C:\\xampp\\htdocs\\E_commerce\\public\\index.php')
CRITICAL - 2024-06-22 17:45:13 --> CodeIgniter\View\Exceptions\ViewException: Invalid file: "men_category/ethnic_wear.php"
in SYSTEMPATH\Exceptions\FrameworkException.php on line 39.
 1 SYSTEMPATH\View\View.php(216): CodeIgniter\Exceptions\FrameworkException::forInvalidFile('men_category/ethnic_wear.php')
 2 SYSTEMPATH\Common.php(1178): CodeIgniter\View\View->render('men_category/ethnic_wear', [], true)
 3 APPPATH\Controllers\CategoryTypesController.php(62): view('men_category/ethnic_wear')
 4 SYSTEMPATH\CodeIgniter.php(941): App\Controllers\CategoryTypesController->ethnic_wear()
 5 SYSTEMPATH\CodeIgniter.php(502): CodeIgniter\CodeIgniter->runController(Object(App\Controllers\CategoryTypesController))
 6 SYSTEMPATH\CodeIgniter.php(361): CodeIgniter\CodeIgniter->handleRequest(null, Object(Config\Cache), false)
 7 FCPATH\index.php(79): CodeIgniter\CodeIgniter->run()
 8 SYSTEMPATH\Commands\Server\rewrite.php(47): require_once('C:\\xampp\\htdocs\\E_commerce\\public\\index.php')
