ERROR - 2024-06-18 03:43:22 --> mysqli_sql_exception: Table 'e_commerce.cart' doesn't exist in C:\xampp\htdocs\E_commerce\system\Database\MySQLi\Connection.php:306
Stack trace:
#0 C:\xampp\htdocs\E_commerce\system\Database\MySQLi\Connection.php(306): mysqli->query('ALTER TABLE car...', 0)
#1 C:\xampp\htdocs\E_commerce\system\Database\BaseConnection.php(693): CodeIgniter\Database\MySQLi\Connection->execute('ALTER TABLE car...')
#2 C:\xampp\htdocs\E_commerce\system\Database\BaseConnection.php(607): CodeIgniter\Database\BaseConnection->simpleQuery('ALTER TABLE car...')
#3 C:\xampp\htdocs\E_commerce\app\Database\Migrations\2024-06-18-033615_CartMigration.php(31): CodeIgniter\Database\BaseConnection->query('ALTER TABLE car...')
#4 C:\xampp\htdocs\E_commerce\system\Database\MigrationRunner.php(865): App\Database\Migrations\CartMigration->up()
#5 C:\xampp\htdocs\E_commerce\system\Database\MigrationRunner.php(181): CodeIgniter\Database\MigrationRunner->migrate('up', Object(stdClass))
#6 C:\xampp\htdocs\E_commerce\system\Commands\Database\Migrate.php(84): CodeIgniter\Database\MigrationRunner->latest(NULL)
#7 C:\xampp\htdocs\E_commerce\system\CLI\Commands.php(65): CodeIgniter\Commands\Database\Migrate->run(Array)
#8 C:\xampp\htdocs\E_commerce\system\CLI\Console.php(46): CodeIgniter\CLI\Commands->run('migrate', Array)
#9 C:\xampp\htdocs\E_commerce\spark(102): CodeIgniter\CLI\Console->run()
#10 {main}
ERROR - 2024-06-18 03:45:35 --> mysqli_sql_exception: Table 'e_commerce.cart' doesn't exist in C:\xampp\htdocs\E_commerce\system\Database\MySQLi\Connection.php:306
Stack trace:
#0 C:\xampp\htdocs\E_commerce\system\Database\MySQLi\Connection.php(306): mysqli->query('ALTER TABLE car...', 0)
#1 C:\xampp\htdocs\E_commerce\system\Database\BaseConnection.php(693): CodeIgniter\Database\MySQLi\Connection->execute('ALTER TABLE car...')
#2 C:\xampp\htdocs\E_commerce\system\Database\BaseConnection.php(607): CodeIgniter\Database\BaseConnection->simpleQuery('ALTER TABLE car...')
#3 C:\xampp\htdocs\E_commerce\app\Database\Migrations\2024-06-18-033615_CartMigration.php(31): CodeIgniter\Database\BaseConnection->query('ALTER TABLE car...')
#4 C:\xampp\htdocs\E_commerce\system\Database\MigrationRunner.php(865): App\Database\Migrations\CartMigration->up()
#5 C:\xampp\htdocs\E_commerce\system\Database\MigrationRunner.php(181): CodeIgniter\Database\MigrationRunner->migrate('up', Object(stdClass))
#6 C:\xampp\htdocs\E_commerce\system\Commands\Database\Migrate.php(84): CodeIgniter\Database\MigrationRunner->latest(NULL)
#7 C:\xampp\htdocs\E_commerce\system\CLI\Commands.php(65): CodeIgniter\Commands\Database\Migrate->run(Array)
#8 C:\xampp\htdocs\E_commerce\system\CLI\Console.php(46): CodeIgniter\CLI\Commands->run('migrate', Array)
#9 C:\xampp\htdocs\E_commerce\spark(102): CodeIgniter\CLI\Console->run()
#10 {main}
ERROR - 2024-06-18 03:46:21 --> mysqli_sql_exception: Table 'e_commerce.cart' doesn't exist in C:\xampp\htdocs\E_commerce\system\Database\MySQLi\Connection.php:306
Stack trace:
#0 C:\xampp\htdocs\E_commerce\system\Database\MySQLi\Connection.php(306): mysqli->query('ALTER TABLE car...', 0)
#1 C:\xampp\htdocs\E_commerce\system\Database\BaseConnection.php(693): CodeIgniter\Database\MySQLi\Connection->execute('ALTER TABLE car...')
#2 C:\xampp\htdocs\E_commerce\system\Database\BaseConnection.php(607): CodeIgniter\Database\BaseConnection->simpleQuery('ALTER TABLE car...')
#3 C:\xampp\htdocs\E_commerce\app\Database\Migrations\2024-06-18-033615_CartMigration.php(31): CodeIgniter\Database\BaseConnection->query('ALTER TABLE car...')
#4 C:\xampp\htdocs\E_commerce\system\Database\MigrationRunner.php(865): App\Database\Migrations\CartMigration->up()
#5 C:\xampp\htdocs\E_commerce\system\Database\MigrationRunner.php(181): CodeIgniter\Database\MigrationRunner->migrate('up', Object(stdClass))
#6 C:\xampp\htdocs\E_commerce\system\Commands\Database\Migrate.php(84): CodeIgniter\Database\MigrationRunner->latest(NULL)
#7 C:\xampp\htdocs\E_commerce\system\CLI\Commands.php(65): CodeIgniter\Commands\Database\Migrate->run(Array)
#8 C:\xampp\htdocs\E_commerce\system\CLI\Console.php(46): CodeIgniter\CLI\Commands->run('migrate', Array)
#9 C:\xampp\htdocs\E_commerce\spark(102): CodeIgniter\CLI\Console->run()
#10 {main}
ERROR - 2024-06-18 03:49:54 --> mysqli_sql_exception: Incorrect table definition; there can be only one auto column and it must be defined as a key in C:\xampp\htdocs\E_commerce\system\Database\MySQLi\Connection.php:306
Stack trace:
#0 C:\xampp\htdocs\E_commerce\system\Database\MySQLi\Connection.php(306): mysqli->query('CREATE TABLE `c...', 0)
#1 C:\xampp\htdocs\E_commerce\system\Database\BaseConnection.php(693): CodeIgniter\Database\MySQLi\Connection->execute('CREATE TABLE `c...')
#2 C:\xampp\htdocs\E_commerce\system\Database\BaseConnection.php(607): CodeIgniter\Database\BaseConnection->simpleQuery('CREATE TABLE `c...')
#3 C:\xampp\htdocs\E_commerce\system\Database\Forge.php(546): CodeIgniter\Database\BaseConnection->query('CREATE TABLE `c...')
#4 C:\xampp\htdocs\E_commerce\app\Database\Migrations\2024-06-18-033615_CartMigration.php(34): CodeIgniter\Database\Forge->createTable('cart')
#5 C:\xampp\htdocs\E_commerce\system\Database\MigrationRunner.php(865): App\Database\Migrations\CartMigration->up()
#6 C:\xampp\htdocs\E_commerce\system\Database\MigrationRunner.php(181): CodeIgniter\Database\MigrationRunner->migrate('up', Object(stdClass))
#7 C:\xampp\htdocs\E_commerce\system\Commands\Database\Migrate.php(84): CodeIgniter\Database\MigrationRunner->latest(NULL)
#8 C:\xampp\htdocs\E_commerce\system\CLI\Commands.php(65): CodeIgniter\Commands\Database\Migrate->run(Array)
#9 C:\xampp\htdocs\E_commerce\system\CLI\Console.php(46): CodeIgniter\CLI\Commands->run('migrate', Array)
#10 C:\xampp\htdocs\E_commerce\spark(102): CodeIgniter\CLI\Console->run()
#11 {main}
ERROR - 2024-06-18 03:51:36 --> mysqli_sql_exception: Incorrect table definition; there can be only one auto column and it must be defined as a key in C:\xampp\htdocs\E_commerce\system\Database\MySQLi\Connection.php:306
Stack trace:
#0 C:\xampp\htdocs\E_commerce\system\Database\MySQLi\Connection.php(306): mysqli->query('CREATE TABLE `c...', 0)
#1 C:\xampp\htdocs\E_commerce\system\Database\BaseConnection.php(693): CodeIgniter\Database\MySQLi\Connection->execute('CREATE TABLE `c...')
#2 C:\xampp\htdocs\E_commerce\system\Database\BaseConnection.php(607): CodeIgniter\Database\BaseConnection->simpleQuery('CREATE TABLE `c...')
#3 C:\xampp\htdocs\E_commerce\system\Database\Forge.php(546): CodeIgniter\Database\BaseConnection->query('CREATE TABLE `c...')
#4 C:\xampp\htdocs\E_commerce\app\Database\Migrations\2024-06-18-033615_CartMigration.php(34): CodeIgniter\Database\Forge->createTable('cart')
#5 C:\xampp\htdocs\E_commerce\system\Database\MigrationRunner.php(865): App\Database\Migrations\CartMigration->up()
#6 C:\xampp\htdocs\E_commerce\system\Database\MigrationRunner.php(181): CodeIgniter\Database\MigrationRunner->migrate('up', Object(stdClass))
#7 C:\xampp\htdocs\E_commerce\system\Commands\Database\Migrate.php(84): CodeIgniter\Database\MigrationRunner->latest(NULL)
#8 C:\xampp\htdocs\E_commerce\system\CLI\Commands.php(65): CodeIgniter\Commands\Database\Migrate->run(Array)
#9 C:\xampp\htdocs\E_commerce\system\CLI\Console.php(46): CodeIgniter\CLI\Commands->run('migrate', Array)
#10 C:\xampp\htdocs\E_commerce\spark(102): CodeIgniter\CLI\Console->run()
#11 {main}
CRITICAL - 2024-06-18 04:38:31 --> ErrorException: Undefined variable $products
in APPPATH\Views\Cart\cart.php on line 26.
 1 APPPATH\Views\Cart\cart.php(26): CodeIgniter\Debug\Exceptions->errorHandler(2, 'Undefined variable $products', 'C:\\xampp\\htdocs\\E_commerce\\app\\Views\\Cart\\cart.php', 26)
 2 SYSTEMPATH\View\View.php(228): include('C:\\xampp\\htdocs\\E_commerce\\app\\Views\\Cart\\cart.php')
 3 SYSTEMPATH\View\View.php(231): CodeIgniter\View\View->CodeIgniter\View\{closure}()
 4 SYSTEMPATH\Common.php(1178): CodeIgniter\View\View->render('Cart/cart', [], true)
 5 APPPATH\Controllers\CategoryController.php(12): view('Cart/cart')
 6 SYSTEMPATH\CodeIgniter.php(941): App\Controllers\CategoryController->cart()
 7 SYSTEMPATH\CodeIgniter.php(502): CodeIgniter\CodeIgniter->runController(Object(App\Controllers\CategoryController))
 8 SYSTEMPATH\CodeIgniter.php(361): CodeIgniter\CodeIgniter->handleRequest(null, Object(Config\Cache), false)
 9 FCPATH\index.php(79): CodeIgniter\CodeIgniter->run()
10 SYSTEMPATH\Commands\Server\rewrite.php(47): require_once('C:\\xampp\\htdocs\\E_commerce\\public\\index.php')
CRITICAL - 2024-06-18 04:39:23 --> ErrorException: Undefined variable $products
in APPPATH\Views\Cart\cart.php on line 26.
 1 APPPATH\Views\Cart\cart.php(26): CodeIgniter\Debug\Exceptions->errorHandler(2, 'Undefined variable $products', 'C:\\xampp\\htdocs\\E_commerce\\app\\Views\\Cart\\cart.php', 26)
 2 SYSTEMPATH\View\View.php(228): include('C:\\xampp\\htdocs\\E_commerce\\app\\Views\\Cart\\cart.php')
 3 SYSTEMPATH\View\View.php(231): CodeIgniter\View\View->CodeIgniter\View\{closure}()
 4 SYSTEMPATH\Common.php(1178): CodeIgniter\View\View->render('Views/Cart/cart', [], true)
 5 APPPATH\Controllers\CategoryController.php(12): view('Views/Cart/cart')
 6 SYSTEMPATH\CodeIgniter.php(941): App\Controllers\CategoryController->cart()
 7 SYSTEMPATH\CodeIgniter.php(502): CodeIgniter\CodeIgniter->runController(Object(App\Controllers\CategoryController))
 8 SYSTEMPATH\CodeIgniter.php(361): CodeIgniter\CodeIgniter->handleRequest(null, Object(Config\Cache), false)
 9 FCPATH\index.php(79): CodeIgniter\CodeIgniter->run()
10 SYSTEMPATH\Commands\Server\rewrite.php(47): require_once('C:\\xampp\\htdocs\\E_commerce\\public\\index.php')
CRITICAL - 2024-06-18 04:39:32 --> ErrorException: Undefined variable $products
in APPPATH\Views\Cart\cart.php on line 26.
 1 APPPATH\Views\Cart\cart.php(26): CodeIgniter\Debug\Exceptions->errorHandler(2, 'Undefined variable $products', 'C:\\xampp\\htdocs\\E_commerce\\app\\Views\\Cart\\cart.php', 26)
 2 SYSTEMPATH\View\View.php(228): include('C:\\xampp\\htdocs\\E_commerce\\app\\Views\\Cart\\cart.php')
 3 SYSTEMPATH\View\View.php(231): CodeIgniter\View\View->CodeIgniter\View\{closure}()
 4 SYSTEMPATH\Common.php(1178): CodeIgniter\View\View->render('Views/Cart/cart', [], true)
 5 APPPATH\Controllers\CategoryController.php(12): view('Views/Cart/cart')
 6 SYSTEMPATH\CodeIgniter.php(941): App\Controllers\CategoryController->cart()
 7 SYSTEMPATH\CodeIgniter.php(502): CodeIgniter\CodeIgniter->runController(Object(App\Controllers\CategoryController))
 8 SYSTEMPATH\CodeIgniter.php(361): CodeIgniter\CodeIgniter->handleRequest(null, Object(Config\Cache), false)
 9 FCPATH\index.php(79): CodeIgniter\CodeIgniter->run()
10 SYSTEMPATH\Commands\Server\rewrite.php(47): require_once('C:\\xampp\\htdocs\\E_commerce\\public\\index.php')
CRITICAL - 2024-06-18 04:54:10 --> ErrorException: Undefined variable $products
in APPPATH\Views\Cart\cart.php on line 26.
 1 APPPATH\Views\Cart\cart.php(26): CodeIgniter\Debug\Exceptions->errorHandler(2, 'Undefined variable $products', 'C:\\xampp\\htdocs\\E_commerce\\app\\Views\\Cart\\cart.php', 26)
 2 SYSTEMPATH\View\View.php(228): include('C:\\xampp\\htdocs\\E_commerce\\app\\Views\\Cart\\cart.php')
 3 SYSTEMPATH\View\View.php(231): CodeIgniter\View\View->CodeIgniter\View\{closure}()
 4 SYSTEMPATH\Common.php(1178): CodeIgniter\View\View->render('Cart/cart', [], true)
 5 APPPATH\Controllers\CategoryController.php(12): view('Cart/cart')
 6 SYSTEMPATH\CodeIgniter.php(941): App\Controllers\CategoryController->cart()
 7 SYSTEMPATH\CodeIgniter.php(502): CodeIgniter\CodeIgniter->runController(Object(App\Controllers\CategoryController))
 8 SYSTEMPATH\CodeIgniter.php(361): CodeIgniter\CodeIgniter->handleRequest(null, Object(Config\Cache), false)
 9 FCPATH\index.php(79): CodeIgniter\CodeIgniter->run()
10 SYSTEMPATH\Commands\Server\rewrite.php(47): require_once('C:\\xampp\\htdocs\\E_commerce\\public\\index.php')
CRITICAL - 2024-06-18 04:54:11 --> ErrorException: Undefined variable $products
in APPPATH\Views\Cart\cart.php on line 26.
 1 APPPATH\Views\Cart\cart.php(26): CodeIgniter\Debug\Exceptions->errorHandler(2, 'Undefined variable $products', 'C:\\xampp\\htdocs\\E_commerce\\app\\Views\\Cart\\cart.php', 26)
 2 SYSTEMPATH\View\View.php(228): include('C:\\xampp\\htdocs\\E_commerce\\app\\Views\\Cart\\cart.php')
 3 SYSTEMPATH\View\View.php(231): CodeIgniter\View\View->CodeIgniter\View\{closure}()
 4 SYSTEMPATH\Common.php(1178): CodeIgniter\View\View->render('Cart/cart', [], true)
 5 APPPATH\Controllers\CategoryController.php(12): view('Cart/cart')
 6 SYSTEMPATH\CodeIgniter.php(941): App\Controllers\CategoryController->cart()
 7 SYSTEMPATH\CodeIgniter.php(502): CodeIgniter\CodeIgniter->runController(Object(App\Controllers\CategoryController))
 8 SYSTEMPATH\CodeIgniter.php(361): CodeIgniter\CodeIgniter->handleRequest(null, Object(Config\Cache), false)
 9 FCPATH\index.php(79): CodeIgniter\CodeIgniter->run()
10 SYSTEMPATH\Commands\Server\rewrite.php(47): require_once('C:\\xampp\\htdocs\\E_commerce\\public\\index.php')
CRITICAL - 2024-06-18 04:56:33 --> ErrorException: Undefined variable $products
in APPPATH\Views\Cart\cart.php on line 26.
 1 APPPATH\Views\Cart\cart.php(26): CodeIgniter\Debug\Exceptions->errorHandler(2, 'Undefined variable $products', 'C:\\xampp\\htdocs\\E_commerce\\app\\Views\\Cart\\cart.php', 26)
 2 SYSTEMPATH\View\View.php(228): include('C:\\xampp\\htdocs\\E_commerce\\app\\Views\\Cart\\cart.php')
 3 SYSTEMPATH\View\View.php(231): CodeIgniter\View\View->CodeIgniter\View\{closure}()
 4 SYSTEMPATH\Common.php(1178): CodeIgniter\View\View->render('Cart/cart', [], true)
 5 APPPATH\Controllers\CategoryController.php(12): view('Cart/cart')
 6 SYSTEMPATH\CodeIgniter.php(941): App\Controllers\CategoryController->cart()
 7 SYSTEMPATH\CodeIgniter.php(502): CodeIgniter\CodeIgniter->runController(Object(App\Controllers\CategoryController))
 8 SYSTEMPATH\CodeIgniter.php(361): CodeIgniter\CodeIgniter->handleRequest(null, Object(Config\Cache), false)
 9 FCPATH\index.php(79): CodeIgniter\CodeIgniter->run()
10 SYSTEMPATH\Commands\Server\rewrite.php(47): require_once('C:\\xampp\\htdocs\\E_commerce\\public\\index.php')
CRITICAL - 2024-06-18 04:56:34 --> ErrorException: Undefined variable $products
in APPPATH\Views\Cart\cart.php on line 26.
 1 APPPATH\Views\Cart\cart.php(26): CodeIgniter\Debug\Exceptions->errorHandler(2, 'Undefined variable $products', 'C:\\xampp\\htdocs\\E_commerce\\app\\Views\\Cart\\cart.php', 26)
 2 SYSTEMPATH\View\View.php(228): include('C:\\xampp\\htdocs\\E_commerce\\app\\Views\\Cart\\cart.php')
 3 SYSTEMPATH\View\View.php(231): CodeIgniter\View\View->CodeIgniter\View\{closure}()
 4 SYSTEMPATH\Common.php(1178): CodeIgniter\View\View->render('Cart/cart', [], true)
 5 APPPATH\Controllers\CategoryController.php(12): view('Cart/cart')
 6 SYSTEMPATH\CodeIgniter.php(941): App\Controllers\CategoryController->cart()
 7 SYSTEMPATH\CodeIgniter.php(502): CodeIgniter\CodeIgniter->runController(Object(App\Controllers\CategoryController))
 8 SYSTEMPATH\CodeIgniter.php(361): CodeIgniter\CodeIgniter->handleRequest(null, Object(Config\Cache), false)
 9 FCPATH\index.php(79): CodeIgniter\CodeIgniter->run()
10 SYSTEMPATH\Commands\Server\rewrite.php(47): require_once('C:\\xampp\\htdocs\\E_commerce\\public\\index.php')
CRITICAL - 2024-06-18 04:56:41 --> ErrorException: Undefined variable $products
in APPPATH\Views\Cart\cart.php on line 26.
 1 APPPATH\Views\Cart\cart.php(26): CodeIgniter\Debug\Exceptions->errorHandler(2, 'Undefined variable $products', 'C:\\xampp\\htdocs\\E_commerce\\app\\Views\\Cart\\cart.php', 26)
 2 SYSTEMPATH\View\View.php(228): include('C:\\xampp\\htdocs\\E_commerce\\app\\Views\\Cart\\cart.php')
 3 SYSTEMPATH\View\View.php(231): CodeIgniter\View\View->CodeIgniter\View\{closure}()
 4 SYSTEMPATH\Common.php(1178): CodeIgniter\View\View->render('Cart/cart', [], true)
 5 APPPATH\Controllers\CategoryController.php(12): view('Cart/cart')
 6 SYSTEMPATH\CodeIgniter.php(941): App\Controllers\CategoryController->cart()
 7 SYSTEMPATH\CodeIgniter.php(502): CodeIgniter\CodeIgniter->runController(Object(App\Controllers\CategoryController))
 8 SYSTEMPATH\CodeIgniter.php(361): CodeIgniter\CodeIgniter->handleRequest(null, Object(Config\Cache), false)
 9 FCPATH\index.php(79): CodeIgniter\CodeIgniter->run()
10 SYSTEMPATH\Commands\Server\rewrite.php(47): require_once('C:\\xampp\\htdocs\\E_commerce\\public\\index.php')
CRITICAL - 2024-06-18 04:57:02 --> ErrorException: Undefined variable $products
in APPPATH\Views\Cart\cart.php on line 26.
 1 APPPATH\Views\Cart\cart.php(26): CodeIgniter\Debug\Exceptions->errorHandler(2, 'Undefined variable $products', 'C:\\xampp\\htdocs\\E_commerce\\app\\Views\\Cart\\cart.php', 26)
 2 SYSTEMPATH\View\View.php(228): include('C:\\xampp\\htdocs\\E_commerce\\app\\Views\\Cart\\cart.php')
 3 SYSTEMPATH\View\View.php(231): CodeIgniter\View\View->CodeIgniter\View\{closure}()
 4 SYSTEMPATH\Common.php(1178): CodeIgniter\View\View->render('Cart/cart', [], true)
 5 APPPATH\Controllers\CategoryController.php(12): view('Cart/cart')
 6 SYSTEMPATH\CodeIgniter.php(941): App\Controllers\CategoryController->cart()
 7 SYSTEMPATH\CodeIgniter.php(502): CodeIgniter\CodeIgniter->runController(Object(App\Controllers\CategoryController))
 8 SYSTEMPATH\CodeIgniter.php(361): CodeIgniter\CodeIgniter->handleRequest(null, Object(Config\Cache), false)
 9 FCPATH\index.php(79): CodeIgniter\CodeIgniter->run()
10 SYSTEMPATH\Commands\Server\rewrite.php(47): require_once('C:\\xampp\\htdocs\\E_commerce\\public\\index.php')
CRITICAL - 2024-06-18 05:00:37 --> ErrorException: Undefined variable $products
in APPPATH\Views\Cart\cart.php on line 26.
 1 APPPATH\Views\Cart\cart.php(26): CodeIgniter\Debug\Exceptions->errorHandler(2, 'Undefined variable $products', 'C:\\xampp\\htdocs\\E_commerce\\app\\Views\\Cart\\cart.php', 26)
 2 SYSTEMPATH\View\View.php(228): include('C:\\xampp\\htdocs\\E_commerce\\app\\Views\\Cart\\cart.php')
 3 SYSTEMPATH\View\View.php(231): CodeIgniter\View\View->CodeIgniter\View\{closure}()
 4 SYSTEMPATH\Common.php(1178): CodeIgniter\View\View->render('Cart/cart', [], true)
 5 APPPATH\Controllers\CategoryController.php(12): view('Cart/cart')
 6 SYSTEMPATH\CodeIgniter.php(941): App\Controllers\CategoryController->cart()
 7 SYSTEMPATH\CodeIgniter.php(502): CodeIgniter\CodeIgniter->runController(Object(App\Controllers\CategoryController))
 8 SYSTEMPATH\CodeIgniter.php(361): CodeIgniter\CodeIgniter->handleRequest(null, Object(Config\Cache), false)
 9 FCPATH\index.php(79): CodeIgniter\CodeIgniter->run()
10 SYSTEMPATH\Commands\Server\rewrite.php(47): require_once('C:\\xampp\\htdocs\\E_commerce\\public\\index.php')
CRITICAL - 2024-06-18 05:01:03 --> ErrorException: Undefined variable $products
in APPPATH\Views\Cart\cart.php on line 26.
 1 APPPATH\Views\Cart\cart.php(26): CodeIgniter\Debug\Exceptions->errorHandler(2, 'Undefined variable $products', 'C:\\xampp\\htdocs\\E_commerce\\app\\Views\\Cart\\cart.php', 26)
 2 SYSTEMPATH\View\View.php(228): include('C:\\xampp\\htdocs\\E_commerce\\app\\Views\\Cart\\cart.php')
 3 SYSTEMPATH\View\View.php(231): CodeIgniter\View\View->CodeIgniter\View\{closure}()
 4 SYSTEMPATH\Common.php(1178): CodeIgniter\View\View->render('Cart/cart', [], true)
 5 APPPATH\Controllers\CategoryController.php(12): view('Cart/cart')
 6 SYSTEMPATH\CodeIgniter.php(941): App\Controllers\CategoryController->cart()
 7 SYSTEMPATH\CodeIgniter.php(502): CodeIgniter\CodeIgniter->runController(Object(App\Controllers\CategoryController))
 8 SYSTEMPATH\CodeIgniter.php(361): CodeIgniter\CodeIgniter->handleRequest(null, Object(Config\Cache), false)
 9 FCPATH\index.php(79): CodeIgniter\CodeIgniter->run()
10 SYSTEMPATH\Commands\Server\rewrite.php(47): require_once('C:\\xampp\\htdocs\\E_commerce\\public\\index.php')
CRITICAL - 2024-06-18 05:01:05 --> ErrorException: Undefined variable $products
in APPPATH\Views\Cart\cart.php on line 26.
 1 APPPATH\Views\Cart\cart.php(26): CodeIgniter\Debug\Exceptions->errorHandler(2, 'Undefined variable $products', 'C:\\xampp\\htdocs\\E_commerce\\app\\Views\\Cart\\cart.php', 26)
 2 SYSTEMPATH\View\View.php(228): include('C:\\xampp\\htdocs\\E_commerce\\app\\Views\\Cart\\cart.php')
 3 SYSTEMPATH\View\View.php(231): CodeIgniter\View\View->CodeIgniter\View\{closure}()
 4 SYSTEMPATH\Common.php(1178): CodeIgniter\View\View->render('Cart/cart', [], true)
 5 APPPATH\Controllers\CategoryController.php(12): view('Cart/cart')
 6 SYSTEMPATH\CodeIgniter.php(941): App\Controllers\CategoryController->cart()
 7 SYSTEMPATH\CodeIgniter.php(502): CodeIgniter\CodeIgniter->runController(Object(App\Controllers\CategoryController))
 8 SYSTEMPATH\CodeIgniter.php(361): CodeIgniter\CodeIgniter->handleRequest(null, Object(Config\Cache), false)
 9 FCPATH\index.php(79): CodeIgniter\CodeIgniter->run()
10 SYSTEMPATH\Commands\Server\rewrite.php(47): require_once('C:\\xampp\\htdocs\\E_commerce\\public\\index.php')
CRITICAL - 2024-06-18 05:04:29 --> ErrorException: Undefined variable $products
in APPPATH\Views\Cart\cart.php on line 26.
 1 APPPATH\Views\Cart\cart.php(26): CodeIgniter\Debug\Exceptions->errorHandler(2, 'Undefined variable $products', 'C:\\xampp\\htdocs\\E_commerce\\app\\Views\\Cart\\cart.php', 26)
 2 SYSTEMPATH\View\View.php(228): include('C:\\xampp\\htdocs\\E_commerce\\app\\Views\\Cart\\cart.php')
 3 SYSTEMPATH\View\View.php(231): CodeIgniter\View\View->CodeIgniter\View\{closure}()
 4 SYSTEMPATH\Common.php(1178): CodeIgniter\View\View->render('Cart/cart', [], true)
 5 APPPATH\Controllers\CategoryController.php(12): view('Cart/cart')
 6 SYSTEMPATH\CodeIgniter.php(941): App\Controllers\CategoryController->cart()
 7 SYSTEMPATH\CodeIgniter.php(502): CodeIgniter\CodeIgniter->runController(Object(App\Controllers\CategoryController))
 8 SYSTEMPATH\CodeIgniter.php(361): CodeIgniter\CodeIgniter->handleRequest(null, Object(Config\Cache), false)
 9 FCPATH\index.php(79): CodeIgniter\CodeIgniter->run()
10 SYSTEMPATH\Commands\Server\rewrite.php(47): require_once('C:\\xampp\\htdocs\\E_commerce\\public\\index.php')
CRITICAL - 2024-06-18 05:08:31 --> ErrorException: Undefined variable $products
in APPPATH\Views\Cart\cart.php on line 26.
 1 APPPATH\Views\Cart\cart.php(26): CodeIgniter\Debug\Exceptions->errorHandler(2, 'Undefined variable $products', 'C:\\xampp\\htdocs\\E_commerce\\app\\Views\\Cart\\cart.php', 26)
 2 SYSTEMPATH\View\View.php(228): include('C:\\xampp\\htdocs\\E_commerce\\app\\Views\\Cart\\cart.php')
 3 SYSTEMPATH\View\View.php(231): CodeIgniter\View\View->CodeIgniter\View\{closure}()
 4 SYSTEMPATH\Common.php(1178): CodeIgniter\View\View->render('Cart/cart', [], true)
 5 APPPATH\Controllers\CategoryController.php(12): view('Cart/cart')
 6 SYSTEMPATH\CodeIgniter.php(941): App\Controllers\CategoryController->cart()
 7 SYSTEMPATH\CodeIgniter.php(502): CodeIgniter\CodeIgniter->runController(Object(App\Controllers\CategoryController))
 8 SYSTEMPATH\CodeIgniter.php(361): CodeIgniter\CodeIgniter->handleRequest(null, Object(Config\Cache), false)
 9 FCPATH\index.php(79): CodeIgniter\CodeIgniter->run()
10 SYSTEMPATH\Commands\Server\rewrite.php(47): require_once('C:\\xampp\\htdocs\\E_commerce\\public\\index.php')
CRITICAL - 2024-06-18 05:08:32 --> ErrorException: Undefined variable $products
in APPPATH\Views\Cart\cart.php on line 26.
 1 APPPATH\Views\Cart\cart.php(26): CodeIgniter\Debug\Exceptions->errorHandler(2, 'Undefined variable $products', 'C:\\xampp\\htdocs\\E_commerce\\app\\Views\\Cart\\cart.php', 26)
 2 SYSTEMPATH\View\View.php(228): include('C:\\xampp\\htdocs\\E_commerce\\app\\Views\\Cart\\cart.php')
 3 SYSTEMPATH\View\View.php(231): CodeIgniter\View\View->CodeIgniter\View\{closure}()
 4 SYSTEMPATH\Common.php(1178): CodeIgniter\View\View->render('Cart/cart', [], true)
 5 APPPATH\Controllers\CategoryController.php(12): view('Cart/cart')
 6 SYSTEMPATH\CodeIgniter.php(941): App\Controllers\CategoryController->cart()
 7 SYSTEMPATH\CodeIgniter.php(502): CodeIgniter\CodeIgniter->runController(Object(App\Controllers\CategoryController))
 8 SYSTEMPATH\CodeIgniter.php(361): CodeIgniter\CodeIgniter->handleRequest(null, Object(Config\Cache), false)
 9 FCPATH\index.php(79): CodeIgniter\CodeIgniter->run()
10 SYSTEMPATH\Commands\Server\rewrite.php(47): require_once('C:\\xampp\\htdocs\\E_commerce\\public\\index.php')
CRITICAL - 2024-06-18 05:08:38 --> ErrorException: Undefined variable $products
in APPPATH\Views\Cart\cart.php on line 26.
 1 APPPATH\Views\Cart\cart.php(26): CodeIgniter\Debug\Exceptions->errorHandler(2, 'Undefined variable $products', 'C:\\xampp\\htdocs\\E_commerce\\app\\Views\\Cart\\cart.php', 26)
 2 SYSTEMPATH\View\View.php(228): include('C:\\xampp\\htdocs\\E_commerce\\app\\Views\\Cart\\cart.php')
 3 SYSTEMPATH\View\View.php(231): CodeIgniter\View\View->CodeIgniter\View\{closure}()
 4 SYSTEMPATH\Common.php(1178): CodeIgniter\View\View->render('Cart/cart', [], true)
 5 APPPATH\Controllers\CategoryController.php(12): view('Cart/cart')
 6 SYSTEMPATH\CodeIgniter.php(941): App\Controllers\CategoryController->cart()
 7 SYSTEMPATH\CodeIgniter.php(502): CodeIgniter\CodeIgniter->runController(Object(App\Controllers\CategoryController))
 8 SYSTEMPATH\CodeIgniter.php(361): CodeIgniter\CodeIgniter->handleRequest(null, Object(Config\Cache), false)
 9 FCPATH\index.php(79): CodeIgniter\CodeIgniter->run()
10 SYSTEMPATH\Commands\Server\rewrite.php(47): require_once('C:\\xampp\\htdocs\\E_commerce\\public\\index.php')
CRITICAL - 2024-06-18 05:08:38 --> ErrorException: Undefined variable $products
in APPPATH\Views\Cart\cart.php on line 26.
 1 APPPATH\Views\Cart\cart.php(26): CodeIgniter\Debug\Exceptions->errorHandler(2, 'Undefined variable $products', 'C:\\xampp\\htdocs\\E_commerce\\app\\Views\\Cart\\cart.php', 26)
 2 SYSTEMPATH\View\View.php(228): include('C:\\xampp\\htdocs\\E_commerce\\app\\Views\\Cart\\cart.php')
 3 SYSTEMPATH\View\View.php(231): CodeIgniter\View\View->CodeIgniter\View\{closure}()
 4 SYSTEMPATH\Common.php(1178): CodeIgniter\View\View->render('Cart/cart', [], true)
 5 APPPATH\Controllers\CategoryController.php(12): view('Cart/cart')
 6 SYSTEMPATH\CodeIgniter.php(941): App\Controllers\CategoryController->cart()
 7 SYSTEMPATH\CodeIgniter.php(502): CodeIgniter\CodeIgniter->runController(Object(App\Controllers\CategoryController))
 8 SYSTEMPATH\CodeIgniter.php(361): CodeIgniter\CodeIgniter->handleRequest(null, Object(Config\Cache), false)
 9 FCPATH\index.php(79): CodeIgniter\CodeIgniter->run()
10 SYSTEMPATH\Commands\Server\rewrite.php(47): require_once('C:\\xampp\\htdocs\\E_commerce\\public\\index.php')
CRITICAL - 2024-06-18 05:09:04 --> ErrorException: Undefined variable $products
in APPPATH\Views\Cart\cart.php on line 26.
 1 APPPATH\Views\Cart\cart.php(26): CodeIgniter\Debug\Exceptions->errorHandler(2, 'Undefined variable $products', 'C:\\xampp\\htdocs\\E_commerce\\app\\Views\\Cart\\cart.php', 26)
 2 SYSTEMPATH\View\View.php(228): include('C:\\xampp\\htdocs\\E_commerce\\app\\Views\\Cart\\cart.php')
 3 SYSTEMPATH\View\View.php(231): CodeIgniter\View\View->CodeIgniter\View\{closure}()
 4 SYSTEMPATH\Common.php(1178): CodeIgniter\View\View->render('Cart/cart', [], true)
 5 APPPATH\Controllers\CategoryController.php(12): view('Cart/cart')
 6 SYSTEMPATH\CodeIgniter.php(941): App\Controllers\CategoryController->cart()
 7 SYSTEMPATH\CodeIgniter.php(502): CodeIgniter\CodeIgniter->runController(Object(App\Controllers\CategoryController))
 8 SYSTEMPATH\CodeIgniter.php(361): CodeIgniter\CodeIgniter->handleRequest(null, Object(Config\Cache), false)
 9 FCPATH\index.php(79): CodeIgniter\CodeIgniter->run()
10 SYSTEMPATH\Commands\Server\rewrite.php(47): require_once('C:\\xampp\\htdocs\\E_commerce\\public\\index.php')
CRITICAL - 2024-06-18 05:09:05 --> ErrorException: Undefined variable $products
in APPPATH\Views\Cart\cart.php on line 26.
 1 APPPATH\Views\Cart\cart.php(26): CodeIgniter\Debug\Exceptions->errorHandler(2, 'Undefined variable $products', 'C:\\xampp\\htdocs\\E_commerce\\app\\Views\\Cart\\cart.php', 26)
 2 SYSTEMPATH\View\View.php(228): include('C:\\xampp\\htdocs\\E_commerce\\app\\Views\\Cart\\cart.php')
 3 SYSTEMPATH\View\View.php(231): CodeIgniter\View\View->CodeIgniter\View\{closure}()
 4 SYSTEMPATH\Common.php(1178): CodeIgniter\View\View->render('Cart/cart', [], true)
 5 APPPATH\Controllers\CategoryController.php(12): view('Cart/cart')
 6 SYSTEMPATH\CodeIgniter.php(941): App\Controllers\CategoryController->cart()
 7 SYSTEMPATH\CodeIgniter.php(502): CodeIgniter\CodeIgniter->runController(Object(App\Controllers\CategoryController))
 8 SYSTEMPATH\CodeIgniter.php(361): CodeIgniter\CodeIgniter->handleRequest(null, Object(Config\Cache), false)
 9 FCPATH\index.php(79): CodeIgniter\CodeIgniter->run()
10 SYSTEMPATH\Commands\Server\rewrite.php(47): require_once('C:\\xampp\\htdocs\\E_commerce\\public\\index.php')
CRITICAL - 2024-06-18 05:09:09 --> ErrorException: Undefined variable $products
in APPPATH\Views\Cart\cart.php on line 26.
 1 APPPATH\Views\Cart\cart.php(26): CodeIgniter\Debug\Exceptions->errorHandler(2, 'Undefined variable $products', 'C:\\xampp\\htdocs\\E_commerce\\app\\Views\\Cart\\cart.php', 26)
 2 SYSTEMPATH\View\View.php(228): include('C:\\xampp\\htdocs\\E_commerce\\app\\Views\\Cart\\cart.php')
 3 SYSTEMPATH\View\View.php(231): CodeIgniter\View\View->CodeIgniter\View\{closure}()
 4 SYSTEMPATH\Common.php(1178): CodeIgniter\View\View->render('Cart/cart', [], true)
 5 APPPATH\Controllers\CategoryController.php(12): view('Cart/cart')
 6 SYSTEMPATH\CodeIgniter.php(941): App\Controllers\CategoryController->cart()
 7 SYSTEMPATH\CodeIgniter.php(502): CodeIgniter\CodeIgniter->runController(Object(App\Controllers\CategoryController))
 8 SYSTEMPATH\CodeIgniter.php(361): CodeIgniter\CodeIgniter->handleRequest(null, Object(Config\Cache), false)
 9 FCPATH\index.php(79): CodeIgniter\CodeIgniter->run()
10 SYSTEMPATH\Commands\Server\rewrite.php(47): require_once('C:\\xampp\\htdocs\\E_commerce\\public\\index.php')
CRITICAL - 2024-06-18 05:14:21 --> ErrorException: Undefined variable $products
in APPPATH\Views\Cart\cart.php on line 25.
 1 APPPATH\Views\Cart\cart.php(25): CodeIgniter\Debug\Exceptions->errorHandler(2, 'Undefined variable $products', 'C:\\xampp\\htdocs\\E_commerce\\app\\Views\\Cart\\cart.php', 25)
 2 SYSTEMPATH\View\View.php(228): include('C:\\xampp\\htdocs\\E_commerce\\app\\Views\\Cart\\cart.php')
 3 SYSTEMPATH\View\View.php(231): CodeIgniter\View\View->CodeIgniter\View\{closure}()
 4 SYSTEMPATH\Common.php(1178): CodeIgniter\View\View->render('Cart/cart', [], true)
 5 APPPATH\Controllers\CategoryController.php(12): view('Cart/cart')
 6 SYSTEMPATH\CodeIgniter.php(941): App\Controllers\CategoryController->cart()
 7 SYSTEMPATH\CodeIgniter.php(502): CodeIgniter\CodeIgniter->runController(Object(App\Controllers\CategoryController))
 8 SYSTEMPATH\CodeIgniter.php(361): CodeIgniter\CodeIgniter->handleRequest(null, Object(Config\Cache), false)
 9 FCPATH\index.php(79): CodeIgniter\CodeIgniter->run()
10 SYSTEMPATH\Commands\Server\rewrite.php(47): require_once('C:\\xampp\\htdocs\\E_commerce\\public\\index.php')
CRITICAL - 2024-06-18 05:14:22 --> ErrorException: Undefined variable $products
in APPPATH\Views\Cart\cart.php on line 25.
 1 APPPATH\Views\Cart\cart.php(25): CodeIgniter\Debug\Exceptions->errorHandler(2, 'Undefined variable $products', 'C:\\xampp\\htdocs\\E_commerce\\app\\Views\\Cart\\cart.php', 25)
 2 SYSTEMPATH\View\View.php(228): include('C:\\xampp\\htdocs\\E_commerce\\app\\Views\\Cart\\cart.php')
 3 SYSTEMPATH\View\View.php(231): CodeIgniter\View\View->CodeIgniter\View\{closure}()
 4 SYSTEMPATH\Common.php(1178): CodeIgniter\View\View->render('Cart/cart', [], true)
 5 APPPATH\Controllers\CategoryController.php(12): view('Cart/cart')
 6 SYSTEMPATH\CodeIgniter.php(941): App\Controllers\CategoryController->cart()
 7 SYSTEMPATH\CodeIgniter.php(502): CodeIgniter\CodeIgniter->runController(Object(App\Controllers\CategoryController))
 8 SYSTEMPATH\CodeIgniter.php(361): CodeIgniter\CodeIgniter->handleRequest(null, Object(Config\Cache), false)
 9 FCPATH\index.php(79): CodeIgniter\CodeIgniter->run()
10 SYSTEMPATH\Commands\Server\rewrite.php(47): require_once('C:\\xampp\\htdocs\\E_commerce\\public\\index.php')
CRITICAL - 2024-06-18 05:14:28 --> ErrorException: Undefined variable $products
in APPPATH\Views\Cart\cart.php on line 25.
 1 APPPATH\Views\Cart\cart.php(25): CodeIgniter\Debug\Exceptions->errorHandler(2, 'Undefined variable $products', 'C:\\xampp\\htdocs\\E_commerce\\app\\Views\\Cart\\cart.php', 25)
 2 SYSTEMPATH\View\View.php(228): include('C:\\xampp\\htdocs\\E_commerce\\app\\Views\\Cart\\cart.php')
 3 SYSTEMPATH\View\View.php(231): CodeIgniter\View\View->CodeIgniter\View\{closure}()
 4 SYSTEMPATH\Common.php(1178): CodeIgniter\View\View->render('Cart/cart', [], true)
 5 APPPATH\Controllers\CategoryController.php(12): view('Cart/cart')
 6 SYSTEMPATH\CodeIgniter.php(941): App\Controllers\CategoryController->cart()
 7 SYSTEMPATH\CodeIgniter.php(502): CodeIgniter\CodeIgniter->runController(Object(App\Controllers\CategoryController))
 8 SYSTEMPATH\CodeIgniter.php(361): CodeIgniter\CodeIgniter->handleRequest(null, Object(Config\Cache), false)
 9 FCPATH\index.php(79): CodeIgniter\CodeIgniter->run()
10 SYSTEMPATH\Commands\Server\rewrite.php(47): require_once('C:\\xampp\\htdocs\\E_commerce\\public\\index.php')
CRITICAL - 2024-06-18 05:14:29 --> ErrorException: Undefined variable $products
in APPPATH\Views\Cart\cart.php on line 25.
 1 APPPATH\Views\Cart\cart.php(25): CodeIgniter\Debug\Exceptions->errorHandler(2, 'Undefined variable $products', 'C:\\xampp\\htdocs\\E_commerce\\app\\Views\\Cart\\cart.php', 25)
 2 SYSTEMPATH\View\View.php(228): include('C:\\xampp\\htdocs\\E_commerce\\app\\Views\\Cart\\cart.php')
 3 SYSTEMPATH\View\View.php(231): CodeIgniter\View\View->CodeIgniter\View\{closure}()
 4 SYSTEMPATH\Common.php(1178): CodeIgniter\View\View->render('Cart/cart', [], true)
 5 APPPATH\Controllers\CategoryController.php(12): view('Cart/cart')
 6 SYSTEMPATH\CodeIgniter.php(941): App\Controllers\CategoryController->cart()
 7 SYSTEMPATH\CodeIgniter.php(502): CodeIgniter\CodeIgniter->runController(Object(App\Controllers\CategoryController))
 8 SYSTEMPATH\CodeIgniter.php(361): CodeIgniter\CodeIgniter->handleRequest(null, Object(Config\Cache), false)
 9 FCPATH\index.php(79): CodeIgniter\CodeIgniter->run()
10 SYSTEMPATH\Commands\Server\rewrite.php(47): require_once('C:\\xampp\\htdocs\\E_commerce\\public\\index.php')
CRITICAL - 2024-06-18 05:15:37 --> ErrorException: Undefined variable $products
in APPPATH\Views\Cart\cart.php on line 25.
 1 APPPATH\Views\Cart\cart.php(25): CodeIgniter\Debug\Exceptions->errorHandler(2, 'Undefined variable $products', 'C:\\xampp\\htdocs\\E_commerce\\app\\Views\\Cart\\cart.php', 25)
 2 SYSTEMPATH\View\View.php(228): include('C:\\xampp\\htdocs\\E_commerce\\app\\Views\\Cart\\cart.php')
 3 SYSTEMPATH\View\View.php(231): CodeIgniter\View\View->CodeIgniter\View\{closure}()
 4 SYSTEMPATH\Common.php(1178): CodeIgniter\View\View->render('Cart/cart', [], true)
 5 APPPATH\Controllers\CategoryController.php(12): view('Cart/cart')
 6 SYSTEMPATH\CodeIgniter.php(941): App\Controllers\CategoryController->cart()
 7 SYSTEMPATH\CodeIgniter.php(502): CodeIgniter\CodeIgniter->runController(Object(App\Controllers\CategoryController))
 8 SYSTEMPATH\CodeIgniter.php(361): CodeIgniter\CodeIgniter->handleRequest(null, Object(Config\Cache), false)
 9 FCPATH\index.php(79): CodeIgniter\CodeIgniter->run()
10 SYSTEMPATH\Commands\Server\rewrite.php(47): require_once('C:\\xampp\\htdocs\\E_commerce\\public\\index.php')
CRITICAL - 2024-06-18 05:16:35 --> ErrorException: Undefined variable $product
in APPPATH\Views\Cart\cart.php on line 25.
 1 APPPATH\Views\Cart\cart.php(25): CodeIgniter\Debug\Exceptions->errorHandler(2, 'Undefined variable $product', 'C:\\xampp\\htdocs\\E_commerce\\app\\Views\\Cart\\cart.php', 25)
 2 SYSTEMPATH\View\View.php(228): include('C:\\xampp\\htdocs\\E_commerce\\app\\Views\\Cart\\cart.php')
 3 SYSTEMPATH\View\View.php(231): CodeIgniter\View\View->CodeIgniter\View\{closure}()
 4 SYSTEMPATH\Common.php(1178): CodeIgniter\View\View->render('Cart/cart', [], true)
 5 APPPATH\Controllers\CategoryController.php(12): view('Cart/cart')
 6 SYSTEMPATH\CodeIgniter.php(941): App\Controllers\CategoryController->cart()
 7 SYSTEMPATH\CodeIgniter.php(502): CodeIgniter\CodeIgniter->runController(Object(App\Controllers\CategoryController))
 8 SYSTEMPATH\CodeIgniter.php(361): CodeIgniter\CodeIgniter->handleRequest(null, Object(Config\Cache), false)
 9 FCPATH\index.php(79): CodeIgniter\CodeIgniter->run()
10 SYSTEMPATH\Commands\Server\rewrite.php(47): require_once('C:\\xampp\\htdocs\\E_commerce\\public\\index.php')
CRITICAL - 2024-06-18 05:16:41 --> ErrorException: Undefined variable $product
in APPPATH\Views\Cart\cart.php on line 25.
 1 APPPATH\Views\Cart\cart.php(25): CodeIgniter\Debug\Exceptions->errorHandler(2, 'Undefined variable $product', 'C:\\xampp\\htdocs\\E_commerce\\app\\Views\\Cart\\cart.php', 25)
 2 SYSTEMPATH\View\View.php(228): include('C:\\xampp\\htdocs\\E_commerce\\app\\Views\\Cart\\cart.php')
 3 SYSTEMPATH\View\View.php(231): CodeIgniter\View\View->CodeIgniter\View\{closure}()
 4 SYSTEMPATH\Common.php(1178): CodeIgniter\View\View->render('Cart/cart', [], true)
 5 APPPATH\Controllers\CategoryController.php(12): view('Cart/cart')
 6 SYSTEMPATH\CodeIgniter.php(941): App\Controllers\CategoryController->cart()
 7 SYSTEMPATH\CodeIgniter.php(502): CodeIgniter\CodeIgniter->runController(Object(App\Controllers\CategoryController))
 8 SYSTEMPATH\CodeIgniter.php(361): CodeIgniter\CodeIgniter->handleRequest(null, Object(Config\Cache), false)
 9 FCPATH\index.php(79): CodeIgniter\CodeIgniter->run()
10 SYSTEMPATH\Commands\Server\rewrite.php(47): require_once('C:\\xampp\\htdocs\\E_commerce\\public\\index.php')
CRITICAL - 2024-06-18 05:16:41 --> ErrorException: Undefined variable $product
in APPPATH\Views\Cart\cart.php on line 25.
 1 APPPATH\Views\Cart\cart.php(25): CodeIgniter\Debug\Exceptions->errorHandler(2, 'Undefined variable $product', 'C:\\xampp\\htdocs\\E_commerce\\app\\Views\\Cart\\cart.php', 25)
 2 SYSTEMPATH\View\View.php(228): include('C:\\xampp\\htdocs\\E_commerce\\app\\Views\\Cart\\cart.php')
 3 SYSTEMPATH\View\View.php(231): CodeIgniter\View\View->CodeIgniter\View\{closure}()
 4 SYSTEMPATH\Common.php(1178): CodeIgniter\View\View->render('Cart/cart', [], true)
 5 APPPATH\Controllers\CategoryController.php(12): view('Cart/cart')
 6 SYSTEMPATH\CodeIgniter.php(941): App\Controllers\CategoryController->cart()
 7 SYSTEMPATH\CodeIgniter.php(502): CodeIgniter\CodeIgniter->runController(Object(App\Controllers\CategoryController))
 8 SYSTEMPATH\CodeIgniter.php(361): CodeIgniter\CodeIgniter->handleRequest(null, Object(Config\Cache), false)
 9 FCPATH\index.php(79): CodeIgniter\CodeIgniter->run()
10 SYSTEMPATH\Commands\Server\rewrite.php(47): require_once('C:\\xampp\\htdocs\\E_commerce\\public\\index.php')
CRITICAL - 2024-06-18 05:17:06 --> ErrorException: Undefined variable $product
in APPPATH\Views\Cart\cart.php on line 25.
 1 APPPATH\Views\Cart\cart.php(25): CodeIgniter\Debug\Exceptions->errorHandler(2, 'Undefined variable $product', 'C:\\xampp\\htdocs\\E_commerce\\app\\Views\\Cart\\cart.php', 25)
 2 SYSTEMPATH\View\View.php(228): include('C:\\xampp\\htdocs\\E_commerce\\app\\Views\\Cart\\cart.php')
 3 SYSTEMPATH\View\View.php(231): CodeIgniter\View\View->CodeIgniter\View\{closure}()
 4 SYSTEMPATH\Common.php(1178): CodeIgniter\View\View->render('Cart/cart', [], true)
 5 APPPATH\Controllers\CategoryController.php(12): view('Cart/cart')
 6 SYSTEMPATH\CodeIgniter.php(941): App\Controllers\CategoryController->cart()
 7 SYSTEMPATH\CodeIgniter.php(502): CodeIgniter\CodeIgniter->runController(Object(App\Controllers\CategoryController))
 8 SYSTEMPATH\CodeIgniter.php(361): CodeIgniter\CodeIgniter->handleRequest(null, Object(Config\Cache), false)
 9 FCPATH\index.php(79): CodeIgniter\CodeIgniter->run()
10 SYSTEMPATH\Commands\Server\rewrite.php(47): require_once('C:\\xampp\\htdocs\\E_commerce\\public\\index.php')
CRITICAL - 2024-06-18 05:17:13 --> ErrorException: Undefined variable $product
in APPPATH\Views\Cart\cart.php on line 25.
 1 APPPATH\Views\Cart\cart.php(25): CodeIgniter\Debug\Exceptions->errorHandler(2, 'Undefined variable $product', 'C:\\xampp\\htdocs\\E_commerce\\app\\Views\\Cart\\cart.php', 25)
 2 SYSTEMPATH\View\View.php(228): include('C:\\xampp\\htdocs\\E_commerce\\app\\Views\\Cart\\cart.php')
 3 SYSTEMPATH\View\View.php(231): CodeIgniter\View\View->CodeIgniter\View\{closure}()
 4 SYSTEMPATH\Common.php(1178): CodeIgniter\View\View->render('Cart/cart', [], true)
 5 APPPATH\Controllers\CategoryController.php(12): view('Cart/cart')
 6 SYSTEMPATH\CodeIgniter.php(941): App\Controllers\CategoryController->cart()
 7 SYSTEMPATH\CodeIgniter.php(502): CodeIgniter\CodeIgniter->runController(Object(App\Controllers\CategoryController))
 8 SYSTEMPATH\CodeIgniter.php(361): CodeIgniter\CodeIgniter->handleRequest(null, Object(Config\Cache), false)
 9 FCPATH\index.php(79): CodeIgniter\CodeIgniter->run()
10 SYSTEMPATH\Commands\Server\rewrite.php(47): require_once('C:\\xampp\\htdocs\\E_commerce\\public\\index.php')
CRITICAL - 2024-06-18 05:17:13 --> ErrorException: Undefined variable $product
in APPPATH\Views\Cart\cart.php on line 25.
 1 APPPATH\Views\Cart\cart.php(25): CodeIgniter\Debug\Exceptions->errorHandler(2, 'Undefined variable $product', 'C:\\xampp\\htdocs\\E_commerce\\app\\Views\\Cart\\cart.php', 25)
 2 SYSTEMPATH\View\View.php(228): include('C:\\xampp\\htdocs\\E_commerce\\app\\Views\\Cart\\cart.php')
 3 SYSTEMPATH\View\View.php(231): CodeIgniter\View\View->CodeIgniter\View\{closure}()
 4 SYSTEMPATH\Common.php(1178): CodeIgniter\View\View->render('Cart/cart', [], true)
 5 APPPATH\Controllers\CategoryController.php(12): view('Cart/cart')
 6 SYSTEMPATH\CodeIgniter.php(941): App\Controllers\CategoryController->cart()
 7 SYSTEMPATH\CodeIgniter.php(502): CodeIgniter\CodeIgniter->runController(Object(App\Controllers\CategoryController))
 8 SYSTEMPATH\CodeIgniter.php(361): CodeIgniter\CodeIgniter->handleRequest(null, Object(Config\Cache), false)
 9 FCPATH\index.php(79): CodeIgniter\CodeIgniter->run()
10 SYSTEMPATH\Commands\Server\rewrite.php(47): require_once('C:\\xampp\\htdocs\\E_commerce\\public\\index.php')
CRITICAL - 2024-06-18 05:23:03 --> ErrorException: Undefined variable $products
in APPPATH\Views\Cart\cart.php on line 27.
 1 APPPATH\Views\Cart\cart.php(27): CodeIgniter\Debug\Exceptions->errorHandler(2, 'Undefined variable $products', 'C:\\xampp\\htdocs\\E_commerce\\app\\Views\\Cart\\cart.php', 27)
 2 SYSTEMPATH\View\View.php(228): include('C:\\xampp\\htdocs\\E_commerce\\app\\Views\\Cart\\cart.php')
 3 SYSTEMPATH\View\View.php(231): CodeIgniter\View\View->CodeIgniter\View\{closure}()
 4 SYSTEMPATH\Common.php(1178): CodeIgniter\View\View->render('Cart/cart', [], true)
 5 APPPATH\Controllers\CategoryController.php(12): view('Cart/cart')
 6 SYSTEMPATH\CodeIgniter.php(941): App\Controllers\CategoryController->cart()
 7 SYSTEMPATH\CodeIgniter.php(502): CodeIgniter\CodeIgniter->runController(Object(App\Controllers\CategoryController))
 8 SYSTEMPATH\CodeIgniter.php(361): CodeIgniter\CodeIgniter->handleRequest(null, Object(Config\Cache), false)
 9 FCPATH\index.php(79): CodeIgniter\CodeIgniter->run()
10 SYSTEMPATH\Commands\Server\rewrite.php(47): require_once('C:\\xampp\\htdocs\\E_commerce\\public\\index.php')
CRITICAL - 2024-06-18 05:23:11 --> ErrorException: Undefined variable $products
in APPPATH\Views\Cart\cart.php on line 27.
 1 APPPATH\Views\Cart\cart.php(27): CodeIgniter\Debug\Exceptions->errorHandler(2, 'Undefined variable $products', 'C:\\xampp\\htdocs\\E_commerce\\app\\Views\\Cart\\cart.php', 27)
 2 SYSTEMPATH\View\View.php(228): include('C:\\xampp\\htdocs\\E_commerce\\app\\Views\\Cart\\cart.php')
 3 SYSTEMPATH\View\View.php(231): CodeIgniter\View\View->CodeIgniter\View\{closure}()
 4 SYSTEMPATH\Common.php(1178): CodeIgniter\View\View->render('Cart/cart', [], true)
 5 APPPATH\Controllers\CategoryController.php(12): view('Cart/cart')
 6 SYSTEMPATH\CodeIgniter.php(941): App\Controllers\CategoryController->cart()
 7 SYSTEMPATH\CodeIgniter.php(502): CodeIgniter\CodeIgniter->runController(Object(App\Controllers\CategoryController))
 8 SYSTEMPATH\CodeIgniter.php(361): CodeIgniter\CodeIgniter->handleRequest(null, Object(Config\Cache), false)
 9 FCPATH\index.php(79): CodeIgniter\CodeIgniter->run()
10 SYSTEMPATH\Commands\Server\rewrite.php(47): require_once('C:\\xampp\\htdocs\\E_commerce\\public\\index.php')
CRITICAL - 2024-06-18 05:23:11 --> ErrorException: Undefined variable $products
in APPPATH\Views\Cart\cart.php on line 27.
 1 APPPATH\Views\Cart\cart.php(27): CodeIgniter\Debug\Exceptions->errorHandler(2, 'Undefined variable $products', 'C:\\xampp\\htdocs\\E_commerce\\app\\Views\\Cart\\cart.php', 27)
 2 SYSTEMPATH\View\View.php(228): include('C:\\xampp\\htdocs\\E_commerce\\app\\Views\\Cart\\cart.php')
 3 SYSTEMPATH\View\View.php(231): CodeIgniter\View\View->CodeIgniter\View\{closure}()
 4 SYSTEMPATH\Common.php(1178): CodeIgniter\View\View->render('Cart/cart', [], true)
 5 APPPATH\Controllers\CategoryController.php(12): view('Cart/cart')
 6 SYSTEMPATH\CodeIgniter.php(941): App\Controllers\CategoryController->cart()
 7 SYSTEMPATH\CodeIgniter.php(502): CodeIgniter\CodeIgniter->runController(Object(App\Controllers\CategoryController))
 8 SYSTEMPATH\CodeIgniter.php(361): CodeIgniter\CodeIgniter->handleRequest(null, Object(Config\Cache), false)
 9 FCPATH\index.php(79): CodeIgniter\CodeIgniter->run()
10 SYSTEMPATH\Commands\Server\rewrite.php(47): require_once('C:\\xampp\\htdocs\\E_commerce\\public\\index.php')
CRITICAL - 2024-06-18 05:28:58 --> ErrorException: Undefined variable $products
in APPPATH\Views\Cart\cart.php on line 27.
 1 APPPATH\Views\Cart\cart.php(27): CodeIgniter\Debug\Exceptions->errorHandler(2, 'Undefined variable $products', 'C:\\xampp\\htdocs\\E_commerce\\app\\Views\\Cart\\cart.php', 27)
 2 SYSTEMPATH\View\View.php(228): include('C:\\xampp\\htdocs\\E_commerce\\app\\Views\\Cart\\cart.php')
 3 SYSTEMPATH\View\View.php(231): CodeIgniter\View\View->CodeIgniter\View\{closure}()
 4 SYSTEMPATH\Common.php(1178): CodeIgniter\View\View->render('Cart/cart', [], true)
 5 APPPATH\Controllers\CategoryController.php(12): view('Cart/cart')
 6 SYSTEMPATH\CodeIgniter.php(941): App\Controllers\CategoryController->cart()
 7 SYSTEMPATH\CodeIgniter.php(502): CodeIgniter\CodeIgniter->runController(Object(App\Controllers\CategoryController))
 8 SYSTEMPATH\CodeIgniter.php(361): CodeIgniter\CodeIgniter->handleRequest(null, Object(Config\Cache), false)
 9 FCPATH\index.php(79): CodeIgniter\CodeIgniter->run()
10 SYSTEMPATH\Commands\Server\rewrite.php(47): require_once('C:\\xampp\\htdocs\\E_commerce\\public\\index.php')
CRITICAL - 2024-06-18 05:29:04 --> ErrorException: Undefined variable $products
in APPPATH\Views\Cart\cart.php on line 27.
 1 APPPATH\Views\Cart\cart.php(27): CodeIgniter\Debug\Exceptions->errorHandler(2, 'Undefined variable $products', 'C:\\xampp\\htdocs\\E_commerce\\app\\Views\\Cart\\cart.php', 27)
 2 SYSTEMPATH\View\View.php(228): include('C:\\xampp\\htdocs\\E_commerce\\app\\Views\\Cart\\cart.php')
 3 SYSTEMPATH\View\View.php(231): CodeIgniter\View\View->CodeIgniter\View\{closure}()
 4 SYSTEMPATH\Common.php(1178): CodeIgniter\View\View->render('Cart/cart', [], true)
 5 APPPATH\Controllers\CategoryController.php(12): view('Cart/cart')
 6 SYSTEMPATH\CodeIgniter.php(941): App\Controllers\CategoryController->cart()
 7 SYSTEMPATH\CodeIgniter.php(502): CodeIgniter\CodeIgniter->runController(Object(App\Controllers\CategoryController))
 8 SYSTEMPATH\CodeIgniter.php(361): CodeIgniter\CodeIgniter->handleRequest(null, Object(Config\Cache), false)
 9 FCPATH\index.php(79): CodeIgniter\CodeIgniter->run()
10 SYSTEMPATH\Commands\Server\rewrite.php(47): require_once('C:\\xampp\\htdocs\\E_commerce\\public\\index.php')
CRITICAL - 2024-06-18 05:29:05 --> ErrorException: Undefined variable $products
in APPPATH\Views\Cart\cart.php on line 27.
 1 APPPATH\Views\Cart\cart.php(27): CodeIgniter\Debug\Exceptions->errorHandler(2, 'Undefined variable $products', 'C:\\xampp\\htdocs\\E_commerce\\app\\Views\\Cart\\cart.php', 27)
 2 SYSTEMPATH\View\View.php(228): include('C:\\xampp\\htdocs\\E_commerce\\app\\Views\\Cart\\cart.php')
 3 SYSTEMPATH\View\View.php(231): CodeIgniter\View\View->CodeIgniter\View\{closure}()
 4 SYSTEMPATH\Common.php(1178): CodeIgniter\View\View->render('Cart/cart', [], true)
 5 APPPATH\Controllers\CategoryController.php(12): view('Cart/cart')
 6 SYSTEMPATH\CodeIgniter.php(941): App\Controllers\CategoryController->cart()
 7 SYSTEMPATH\CodeIgniter.php(502): CodeIgniter\CodeIgniter->runController(Object(App\Controllers\CategoryController))
 8 SYSTEMPATH\CodeIgniter.php(361): CodeIgniter\CodeIgniter->handleRequest(null, Object(Config\Cache), false)
 9 FCPATH\index.php(79): CodeIgniter\CodeIgniter->run()
10 SYSTEMPATH\Commands\Server\rewrite.php(47): require_once('C:\\xampp\\htdocs\\E_commerce\\public\\index.php')
CRITICAL - 2024-06-18 05:29:31 --> ErrorException: Undefined variable $products
in APPPATH\Views\Cart\cart.php on line 27.
 1 APPPATH\Views\Cart\cart.php(27): CodeIgniter\Debug\Exceptions->errorHandler(2, 'Undefined variable $products', 'C:\\xampp\\htdocs\\E_commerce\\app\\Views\\Cart\\cart.php', 27)
 2 SYSTEMPATH\View\View.php(228): include('C:\\xampp\\htdocs\\E_commerce\\app\\Views\\Cart\\cart.php')
 3 SYSTEMPATH\View\View.php(231): CodeIgniter\View\View->CodeIgniter\View\{closure}()
 4 SYSTEMPATH\Common.php(1178): CodeIgniter\View\View->render('Cart/cart', [], true)
 5 APPPATH\Controllers\CategoryController.php(12): view('Cart/cart')
 6 SYSTEMPATH\CodeIgniter.php(941): App\Controllers\CategoryController->cart()
 7 SYSTEMPATH\CodeIgniter.php(502): CodeIgniter\CodeIgniter->runController(Object(App\Controllers\CategoryController))
 8 SYSTEMPATH\CodeIgniter.php(361): CodeIgniter\CodeIgniter->handleRequest(null, Object(Config\Cache), false)
 9 FCPATH\index.php(79): CodeIgniter\CodeIgniter->run()
10 SYSTEMPATH\Commands\Server\rewrite.php(47): require_once('C:\\xampp\\htdocs\\E_commerce\\public\\index.php')
CRITICAL - 2024-06-18 05:29:38 --> ErrorException: Undefined variable $products
in APPPATH\Views\Cart\cart.php on line 27.
 1 APPPATH\Views\Cart\cart.php(27): CodeIgniter\Debug\Exceptions->errorHandler(2, 'Undefined variable $products', 'C:\\xampp\\htdocs\\E_commerce\\app\\Views\\Cart\\cart.php', 27)
 2 SYSTEMPATH\View\View.php(228): include('C:\\xampp\\htdocs\\E_commerce\\app\\Views\\Cart\\cart.php')
 3 SYSTEMPATH\View\View.php(231): CodeIgniter\View\View->CodeIgniter\View\{closure}()
 4 SYSTEMPATH\Common.php(1178): CodeIgniter\View\View->render('Cart/cart', [], true)
 5 APPPATH\Controllers\CategoryController.php(12): view('Cart/cart')
 6 SYSTEMPATH\CodeIgniter.php(941): App\Controllers\CategoryController->cart()
 7 SYSTEMPATH\CodeIgniter.php(502): CodeIgniter\CodeIgniter->runController(Object(App\Controllers\CategoryController))
 8 SYSTEMPATH\CodeIgniter.php(361): CodeIgniter\CodeIgniter->handleRequest(null, Object(Config\Cache), false)
 9 FCPATH\index.php(79): CodeIgniter\CodeIgniter->run()
10 SYSTEMPATH\Commands\Server\rewrite.php(47): require_once('C:\\xampp\\htdocs\\E_commerce\\public\\index.php')
CRITICAL - 2024-06-18 05:29:38 --> ErrorException: Undefined variable $products
in APPPATH\Views\Cart\cart.php on line 27.
 1 APPPATH\Views\Cart\cart.php(27): CodeIgniter\Debug\Exceptions->errorHandler(2, 'Undefined variable $products', 'C:\\xampp\\htdocs\\E_commerce\\app\\Views\\Cart\\cart.php', 27)
 2 SYSTEMPATH\View\View.php(228): include('C:\\xampp\\htdocs\\E_commerce\\app\\Views\\Cart\\cart.php')
 3 SYSTEMPATH\View\View.php(231): CodeIgniter\View\View->CodeIgniter\View\{closure}()
 4 SYSTEMPATH\Common.php(1178): CodeIgniter\View\View->render('Cart/cart', [], true)
 5 APPPATH\Controllers\CategoryController.php(12): view('Cart/cart')
 6 SYSTEMPATH\CodeIgniter.php(941): App\Controllers\CategoryController->cart()
 7 SYSTEMPATH\CodeIgniter.php(502): CodeIgniter\CodeIgniter->runController(Object(App\Controllers\CategoryController))
 8 SYSTEMPATH\CodeIgniter.php(361): CodeIgniter\CodeIgniter->handleRequest(null, Object(Config\Cache), false)
 9 FCPATH\index.php(79): CodeIgniter\CodeIgniter->run()
10 SYSTEMPATH\Commands\Server\rewrite.php(47): require_once('C:\\xampp\\htdocs\\E_commerce\\public\\index.php')
