CRITICAL - 2024-06-23 12:33:45 --> ErrorException: Undefined variable $products
in APPPATH\Views\Cart\cart.php on line 27.
 1 APPPATH\Views\Cart\cart.php(27): CodeIgniter\Debug\Exceptions->errorHandler(2, 'Undefined variable $products', 'C:\\xampp\\htdocs\\E_commerce\\app\\Views\\Cart\\cart.php', 27)
 2 SYSTEMPATH\View\View.php(228): include('C:\\xampp\\htdocs\\E_commerce\\app\\Views\\Cart\\cart.php')
 3 SYSTEMPATH\View\View.php(231): CodeIgniter\View\View->CodeIgniter\View\{closure}()
 4 SYSTEMPATH\Common.php(1178): CodeIgniter\View\View->render('Cart/cart', [], true)
 5 APPPATH\Controllers\CategoryController.php(12): view('Cart/cart')
 6 SYSTEMPATH\CodeIgniter.php(941): App\Controllers\CategoryController->cart()
 7 SYSTEMPATH\CodeIgniter.php(502): CodeIgniter\CodeIgniter->runController(Object(App\Controllers\CategoryController))
 8 SYSTEMPATH\CodeIgniter.php(361): CodeIgniter\CodeIgniter->handleRequest(null, Object(Config\Cache), false)
 9 FCPATH\index.php(79): CodeIgniter\CodeIgniter->run()
10 SYSTEMPATH\Commands\Server\rewrite.php(47): require_once('C:\\xampp\\htdocs\\E_commerce\\public\\index.php')
CRITICAL - 2024-06-23 12:33:46 --> ErrorException: Undefined variable $products
in APPPATH\Views\Cart\cart.php on line 27.
 1 APPPATH\Views\Cart\cart.php(27): CodeIgniter\Debug\Exceptions->errorHandler(2, 'Undefined variable $products', 'C:\\xampp\\htdocs\\E_commerce\\app\\Views\\Cart\\cart.php', 27)
 2 SYSTEMPATH\View\View.php(228): include('C:\\xampp\\htdocs\\E_commerce\\app\\Views\\Cart\\cart.php')
 3 SYSTEMPATH\View\View.php(231): CodeIgniter\View\View->CodeIgniter\View\{closure}()
 4 SYSTEMPATH\Common.php(1178): CodeIgniter\View\View->render('Cart/cart', [], true)
 5 APPPATH\Controllers\CategoryController.php(12): view('Cart/cart')
 6 SYSTEMPATH\CodeIgniter.php(941): App\Controllers\CategoryController->cart()
 7 SYSTEMPATH\CodeIgniter.php(502): CodeIgniter\CodeIgniter->runController(Object(App\Controllers\CategoryController))
 8 SYSTEMPATH\CodeIgniter.php(361): CodeIgniter\CodeIgniter->handleRequest(null, Object(Config\Cache), false)
 9 FCPATH\index.php(79): CodeIgniter\CodeIgniter->run()
10 SYSTEMPATH\Commands\Server\rewrite.php(47): require_once('C:\\xampp\\htdocs\\E_commerce\\public\\index.php')
CRITICAL - 2024-06-23 14:10:21 --> ErrorException: Undefined property: CodeIgniter\View\View::$input
in APPPATH\Views\Cart\cart.php on line 28.
 1 APPPATH\Views\Cart\cart.php(28): CodeIgniter\Debug\Exceptions->errorHandler(2, 'Undefined property: CodeIgniter\\View\\View::$input', 'C:\\xampp\\htdocs\\E_commerce\\app\\Views\\Cart\\cart.php', 28)
 2 SYSTEMPATH\View\View.php(228): include('C:\\xampp\\htdocs\\E_commerce\\app\\Views\\Cart\\cart.php')
 3 SYSTEMPATH\View\View.php(231): CodeIgniter\View\View->CodeIgniter\View\{closure}()
 4 SYSTEMPATH\Common.php(1178): CodeIgniter\View\View->render('Cart/cart', [], true)
 5 APPPATH\Controllers\CategoryController.php(12): view('Cart/cart')
 6 SYSTEMPATH\CodeIgniter.php(941): App\Controllers\CategoryController->cart()
 7 SYSTEMPATH\CodeIgniter.php(502): CodeIgniter\CodeIgniter->runController(Object(App\Controllers\CategoryController))
 8 SYSTEMPATH\CodeIgniter.php(361): CodeIgniter\CodeIgniter->handleRequest(null, Object(Config\Cache), false)
 9 FCPATH\index.php(79): CodeIgniter\CodeIgniter->run()
10 SYSTEMPATH\Commands\Server\rewrite.php(47): require_once('C:\\xampp\\htdocs\\E_commerce\\public\\index.php')
CRITICAL - 2024-06-23 14:10:47 --> ErrorException: Undefined property: CodeIgniter\View\View::$input
in APPPATH\Views\Cart\cart.php on line 28.
 1 APPPATH\Views\Cart\cart.php(28): CodeIgniter\Debug\Exceptions->errorHandler(2, 'Undefined property: CodeIgniter\\View\\View::$input', 'C:\\xampp\\htdocs\\E_commerce\\app\\Views\\Cart\\cart.php', 28)
 2 SYSTEMPATH\View\View.php(228): include('C:\\xampp\\htdocs\\E_commerce\\app\\Views\\Cart\\cart.php')
 3 SYSTEMPATH\View\View.php(231): CodeIgniter\View\View->CodeIgniter\View\{closure}()
 4 SYSTEMPATH\Common.php(1178): CodeIgniter\View\View->render('Cart/cart', [], true)
 5 APPPATH\Controllers\CategoryController.php(12): view('Cart/cart')
 6 SYSTEMPATH\CodeIgniter.php(941): App\Controllers\CategoryController->cart()
 7 SYSTEMPATH\CodeIgniter.php(502): CodeIgniter\CodeIgniter->runController(Object(App\Controllers\CategoryController))
 8 SYSTEMPATH\CodeIgniter.php(361): CodeIgniter\CodeIgniter->handleRequest(null, Object(Config\Cache), false)
 9 FCPATH\index.php(79): CodeIgniter\CodeIgniter->run()
10 SYSTEMPATH\Commands\Server\rewrite.php(47): require_once('C:\\xampp\\htdocs\\E_commerce\\public\\index.php')
CRITICAL - 2024-06-23 14:12:19 --> ErrorException: Undefined variable $data
in APPPATH\Views\Cart\cart.php on line 28.
 1 APPPATH\Views\Cart\cart.php(28): CodeIgniter\Debug\Exceptions->errorHandler(2, 'Undefined variable $data', 'C:\\xampp\\htdocs\\E_commerce\\app\\Views\\Cart\\cart.php', 28)
 2 SYSTEMPATH\View\View.php(228): include('C:\\xampp\\htdocs\\E_commerce\\app\\Views\\Cart\\cart.php')
 3 SYSTEMPATH\View\View.php(231): CodeIgniter\View\View->CodeIgniter\View\{closure}()
 4 SYSTEMPATH\Common.php(1178): CodeIgniter\View\View->render('Cart/cart', [], true)
 5 APPPATH\Controllers\CategoryController.php(12): view('Cart/cart')
 6 SYSTEMPATH\CodeIgniter.php(941): App\Controllers\CategoryController->cart()
 7 SYSTEMPATH\CodeIgniter.php(502): CodeIgniter\CodeIgniter->runController(Object(App\Controllers\CategoryController))
 8 SYSTEMPATH\CodeIgniter.php(361): CodeIgniter\CodeIgniter->handleRequest(null, Object(Config\Cache), false)
 9 FCPATH\index.php(79): CodeIgniter\CodeIgniter->run()
10 SYSTEMPATH\Commands\Server\rewrite.php(47): require_once('C:\\xampp\\htdocs\\E_commerce\\public\\index.php')
CRITICAL - 2024-06-23 14:12:19 --> ErrorException: Undefined variable $data
in APPPATH\Views\Cart\cart.php on line 28.
 1 APPPATH\Views\Cart\cart.php(28): CodeIgniter\Debug\Exceptions->errorHandler(2, 'Undefined variable $data', 'C:\\xampp\\htdocs\\E_commerce\\app\\Views\\Cart\\cart.php', 28)
 2 SYSTEMPATH\View\View.php(228): include('C:\\xampp\\htdocs\\E_commerce\\app\\Views\\Cart\\cart.php')
 3 SYSTEMPATH\View\View.php(231): CodeIgniter\View\View->CodeIgniter\View\{closure}()
 4 SYSTEMPATH\Common.php(1178): CodeIgniter\View\View->render('Cart/cart', [], true)
 5 APPPATH\Controllers\CategoryController.php(12): view('Cart/cart')
 6 SYSTEMPATH\CodeIgniter.php(941): App\Controllers\CategoryController->cart()
 7 SYSTEMPATH\CodeIgniter.php(502): CodeIgniter\CodeIgniter->runController(Object(App\Controllers\CategoryController))
 8 SYSTEMPATH\CodeIgniter.php(361): CodeIgniter\CodeIgniter->handleRequest(null, Object(Config\Cache), false)
 9 FCPATH\index.php(79): CodeIgniter\CodeIgniter->run()
10 SYSTEMPATH\Commands\Server\rewrite.php(47): require_once('C:\\xampp\\htdocs\\E_commerce\\public\\index.php')
CRITICAL - 2024-06-23 14:12:20 --> ErrorException: Undefined variable $data
in APPPATH\Views\Cart\cart.php on line 28.
 1 APPPATH\Views\Cart\cart.php(28): CodeIgniter\Debug\Exceptions->errorHandler(2, 'Undefined variable $data', 'C:\\xampp\\htdocs\\E_commerce\\app\\Views\\Cart\\cart.php', 28)
 2 SYSTEMPATH\View\View.php(228): include('C:\\xampp\\htdocs\\E_commerce\\app\\Views\\Cart\\cart.php')
 3 SYSTEMPATH\View\View.php(231): CodeIgniter\View\View->CodeIgniter\View\{closure}()
 4 SYSTEMPATH\Common.php(1178): CodeIgniter\View\View->render('Cart/cart', [], true)
 5 APPPATH\Controllers\CategoryController.php(12): view('Cart/cart')
 6 SYSTEMPATH\CodeIgniter.php(941): App\Controllers\CategoryController->cart()
 7 SYSTEMPATH\CodeIgniter.php(502): CodeIgniter\CodeIgniter->runController(Object(App\Controllers\CategoryController))
 8 SYSTEMPATH\CodeIgniter.php(361): CodeIgniter\CodeIgniter->handleRequest(null, Object(Config\Cache), false)
 9 FCPATH\index.php(79): CodeIgniter\CodeIgniter->run()
10 SYSTEMPATH\Commands\Server\rewrite.php(47): require_once('C:\\xampp\\htdocs\\E_commerce\\public\\index.php')
CRITICAL - 2024-06-23 14:12:20 --> ErrorException: Undefined variable $data
in APPPATH\Views\Cart\cart.php on line 28.
 1 APPPATH\Views\Cart\cart.php(28): CodeIgniter\Debug\Exceptions->errorHandler(2, 'Undefined variable $data', 'C:\\xampp\\htdocs\\E_commerce\\app\\Views\\Cart\\cart.php', 28)
 2 SYSTEMPATH\View\View.php(228): include('C:\\xampp\\htdocs\\E_commerce\\app\\Views\\Cart\\cart.php')
 3 SYSTEMPATH\View\View.php(231): CodeIgniter\View\View->CodeIgniter\View\{closure}()
 4 SYSTEMPATH\Common.php(1178): CodeIgniter\View\View->render('Cart/cart', [], true)
 5 APPPATH\Controllers\CategoryController.php(12): view('Cart/cart')
 6 SYSTEMPATH\CodeIgniter.php(941): App\Controllers\CategoryController->cart()
 7 SYSTEMPATH\CodeIgniter.php(502): CodeIgniter\CodeIgniter->runController(Object(App\Controllers\CategoryController))
 8 SYSTEMPATH\CodeIgniter.php(361): CodeIgniter\CodeIgniter->handleRequest(null, Object(Config\Cache), false)
 9 FCPATH\index.php(79): CodeIgniter\CodeIgniter->run()
10 SYSTEMPATH\Commands\Server\rewrite.php(47): require_once('C:\\xampp\\htdocs\\E_commerce\\public\\index.php')
CRITICAL - 2024-06-23 14:12:22 --> ErrorException: Undefined variable $data
in APPPATH\Views\Cart\cart.php on line 28.
 1 APPPATH\Views\Cart\cart.php(28): CodeIgniter\Debug\Exceptions->errorHandler(2, 'Undefined variable $data', 'C:\\xampp\\htdocs\\E_commerce\\app\\Views\\Cart\\cart.php', 28)
 2 SYSTEMPATH\View\View.php(228): include('C:\\xampp\\htdocs\\E_commerce\\app\\Views\\Cart\\cart.php')
 3 SYSTEMPATH\View\View.php(231): CodeIgniter\View\View->CodeIgniter\View\{closure}()
 4 SYSTEMPATH\Common.php(1178): CodeIgniter\View\View->render('Cart/cart', [], true)
 5 APPPATH\Controllers\CategoryController.php(12): view('Cart/cart')
 6 SYSTEMPATH\CodeIgniter.php(941): App\Controllers\CategoryController->cart()
 7 SYSTEMPATH\CodeIgniter.php(502): CodeIgniter\CodeIgniter->runController(Object(App\Controllers\CategoryController))
 8 SYSTEMPATH\CodeIgniter.php(361): CodeIgniter\CodeIgniter->handleRequest(null, Object(Config\Cache), false)
 9 FCPATH\index.php(79): CodeIgniter\CodeIgniter->run()
10 SYSTEMPATH\Commands\Server\rewrite.php(47): require_once('C:\\xampp\\htdocs\\E_commerce\\public\\index.php')
CRITICAL - 2024-06-23 14:17:44 --> ErrorException: Undefined property: App\Controllers\CategoryController::$input
in APPPATH\Controllers\CategoryController.php on line 21.
 1 APPPATH\Controllers\CategoryController.php(21): CodeIgniter\Debug\Exceptions->errorHandler(2, 'Undefined property: App\\Controllers\\CategoryController::$input', 'C:\\xampp\\htdocs\\E_commerce\\app\\Controllers\\CategoryController.php', 21)
 2 SYSTEMPATH\CodeIgniter.php(941): App\Controllers\CategoryController->somanipassdata()
 3 SYSTEMPATH\CodeIgniter.php(502): CodeIgniter\CodeIgniter->runController(Object(App\Controllers\CategoryController))
 4 SYSTEMPATH\CodeIgniter.php(361): CodeIgniter\CodeIgniter->handleRequest(null, Object(Config\Cache), false)
 5 FCPATH\index.php(79): CodeIgniter\CodeIgniter->run()
 6 SYSTEMPATH\Commands\Server\rewrite.php(47): require_once('C:\\xampp\\htdocs\\E_commerce\\public\\index.php')
CRITICAL - 2024-06-23 15:15:28 --> ErrorException: Undefined variable $data4
in APPPATH\Controllers\CategoryController.php on line 39.
 1 APPPATH\Controllers\CategoryController.php(39): CodeIgniter\Debug\Exceptions->errorHandler(2, 'Undefined variable $data4', 'C:\\xampp\\htdocs\\E_commerce\\app\\Controllers\\CategoryController.php', 39)
 2 SYSTEMPATH\CodeIgniter.php(941): App\Controllers\CategoryController->somanipassdata()
 3 SYSTEMPATH\CodeIgniter.php(502): CodeIgniter\CodeIgniter->runController(Object(App\Controllers\CategoryController))
 4 SYSTEMPATH\CodeIgniter.php(361): CodeIgniter\CodeIgniter->handleRequest(null, Object(Config\Cache), false)
 5 FCPATH\index.php(79): CodeIgniter\CodeIgniter->run()
 6 SYSTEMPATH\Commands\Server\rewrite.php(47): require_once('C:\\xampp\\htdocs\\E_commerce\\public\\index.php')
CRITICAL - 2024-06-23 15:15:37 --> ErrorException: Undefined variable $data4
in APPPATH\Controllers\CategoryController.php on line 39.
 1 APPPATH\Controllers\CategoryController.php(39): CodeIgniter\Debug\Exceptions->errorHandler(2, 'Undefined variable $data4', 'C:\\xampp\\htdocs\\E_commerce\\app\\Controllers\\CategoryController.php', 39)
 2 SYSTEMPATH\CodeIgniter.php(941): App\Controllers\CategoryController->somanipassdata()
 3 SYSTEMPATH\CodeIgniter.php(502): CodeIgniter\CodeIgniter->runController(Object(App\Controllers\CategoryController))
 4 SYSTEMPATH\CodeIgniter.php(361): CodeIgniter\CodeIgniter->handleRequest(null, Object(Config\Cache), false)
 5 FCPATH\index.php(79): CodeIgniter\CodeIgniter->run()
 6 SYSTEMPATH\Commands\Server\rewrite.php(47): require_once('C:\\xampp\\htdocs\\E_commerce\\public\\index.php')
CRITICAL - 2024-06-23 15:17:13 --> ParseError: syntax error, unexpected token "}"
in APPPATH\Controllers\CategoryController.php on line 43.
 1 SYSTEMPATH\Autoloader\Autoloader.php(288): CodeIgniter\Autoloader\Autoloader->includeFile('C:\\xampp\\htdocs\\E_commerce\\app\\Controllers\\CategoryController.php')
 2 SYSTEMPATH\Autoloader\Autoloader.php(266): CodeIgniter\Autoloader\Autoloader->loadInNamespace('App\\Controllers\\CategoryController')
 3 [internal function]: CodeIgniter\Autoloader\Autoloader->loadClass('App\\Controllers\\CategoryController')
 4 SYSTEMPATH\CodeIgniter.php(899): class_exists('\\App\\Controllers\\CategoryController', true)
 5 SYSTEMPATH\CodeIgniter.php(489): CodeIgniter\CodeIgniter->startController()
 6 SYSTEMPATH\CodeIgniter.php(361): CodeIgniter\CodeIgniter->handleRequest(null, Object(Config\Cache), false)
 7 FCPATH\index.php(79): CodeIgniter\CodeIgniter->run()
 8 SYSTEMPATH\Commands\Server\rewrite.php(47): require_once('C:\\xampp\\htdocs\\E_commerce\\public\\index.php')
CRITICAL - 2024-06-23 15:17:14 --> ParseError: syntax error, unexpected token "}"
in APPPATH\Controllers\CategoryController.php on line 43.
 1 SYSTEMPATH\Autoloader\Autoloader.php(288): CodeIgniter\Autoloader\Autoloader->includeFile('C:\\xampp\\htdocs\\E_commerce\\app\\Controllers\\CategoryController.php')
 2 SYSTEMPATH\Autoloader\Autoloader.php(266): CodeIgniter\Autoloader\Autoloader->loadInNamespace('App\\Controllers\\CategoryController')
 3 [internal function]: CodeIgniter\Autoloader\Autoloader->loadClass('App\\Controllers\\CategoryController')
 4 SYSTEMPATH\CodeIgniter.php(899): class_exists('\\App\\Controllers\\CategoryController', true)
 5 SYSTEMPATH\CodeIgniter.php(489): CodeIgniter\CodeIgniter->startController()
 6 SYSTEMPATH\CodeIgniter.php(361): CodeIgniter\CodeIgniter->handleRequest(null, Object(Config\Cache), false)
 7 FCPATH\index.php(79): CodeIgniter\CodeIgniter->run()
 8 SYSTEMPATH\Commands\Server\rewrite.php(47): require_once('C:\\xampp\\htdocs\\E_commerce\\public\\index.php')
CRITICAL - 2024-06-23 15:17:14 --> ParseError: syntax error, unexpected token "}"
in APPPATH\Controllers\CategoryController.php on line 43.
 1 SYSTEMPATH\Autoloader\Autoloader.php(288): CodeIgniter\Autoloader\Autoloader->includeFile('C:\\xampp\\htdocs\\E_commerce\\app\\Controllers\\CategoryController.php')
 2 SYSTEMPATH\Autoloader\Autoloader.php(266): CodeIgniter\Autoloader\Autoloader->loadInNamespace('App\\Controllers\\CategoryController')
 3 [internal function]: CodeIgniter\Autoloader\Autoloader->loadClass('App\\Controllers\\CategoryController')
 4 SYSTEMPATH\CodeIgniter.php(899): class_exists('\\App\\Controllers\\CategoryController', true)
 5 SYSTEMPATH\CodeIgniter.php(489): CodeIgniter\CodeIgniter->startController()
 6 SYSTEMPATH\CodeIgniter.php(361): CodeIgniter\CodeIgniter->handleRequest(null, Object(Config\Cache), false)
 7 FCPATH\index.php(79): CodeIgniter\CodeIgniter->run()
 8 SYSTEMPATH\Commands\Server\rewrite.php(47): require_once('C:\\xampp\\htdocs\\E_commerce\\public\\index.php')
CRITICAL - 2024-06-23 15:17:14 --> ParseError: syntax error, unexpected token "}"
in APPPATH\Controllers\CategoryController.php on line 43.
 1 SYSTEMPATH\Autoloader\Autoloader.php(288): CodeIgniter\Autoloader\Autoloader->includeFile('C:\\xampp\\htdocs\\E_commerce\\app\\Controllers\\CategoryController.php')
 2 SYSTEMPATH\Autoloader\Autoloader.php(266): CodeIgniter\Autoloader\Autoloader->loadInNamespace('App\\Controllers\\CategoryController')
 3 [internal function]: CodeIgniter\Autoloader\Autoloader->loadClass('App\\Controllers\\CategoryController')
 4 SYSTEMPATH\CodeIgniter.php(899): class_exists('\\App\\Controllers\\CategoryController', true)
 5 SYSTEMPATH\CodeIgniter.php(489): CodeIgniter\CodeIgniter->startController()
 6 SYSTEMPATH\CodeIgniter.php(361): CodeIgniter\CodeIgniter->handleRequest(null, Object(Config\Cache), false)
 7 FCPATH\index.php(79): CodeIgniter\CodeIgniter->run()
 8 SYSTEMPATH\Commands\Server\rewrite.php(47): require_once('C:\\xampp\\htdocs\\E_commerce\\public\\index.php')
CRITICAL - 2024-06-23 15:17:33 --> ParseError: syntax error, unexpected token "{", expecting ":"
in APPPATH\Controllers\CategoryController.php on line 40.
 1 SYSTEMPATH\Autoloader\Autoloader.php(288): CodeIgniter\Autoloader\Autoloader->includeFile('C:\\xampp\\htdocs\\E_commerce\\app\\Controllers\\CategoryController.php')
 2 SYSTEMPATH\Autoloader\Autoloader.php(266): CodeIgniter\Autoloader\Autoloader->loadInNamespace('App\\Controllers\\CategoryController')
 3 [internal function]: CodeIgniter\Autoloader\Autoloader->loadClass('App\\Controllers\\CategoryController')
 4 SYSTEMPATH\CodeIgniter.php(899): class_exists('\\App\\Controllers\\CategoryController', true)
 5 SYSTEMPATH\CodeIgniter.php(489): CodeIgniter\CodeIgniter->startController()
 6 SYSTEMPATH\CodeIgniter.php(361): CodeIgniter\CodeIgniter->handleRequest(null, Object(Config\Cache), false)
 7 FCPATH\index.php(79): CodeIgniter\CodeIgniter->run()
 8 SYSTEMPATH\Commands\Server\rewrite.php(47): require_once('C:\\xampp\\htdocs\\E_commerce\\public\\index.php')
CRITICAL - 2024-06-23 15:17:33 --> ParseError: syntax error, unexpected token "{", expecting ":"
in APPPATH\Controllers\CategoryController.php on line 40.
 1 SYSTEMPATH\Autoloader\Autoloader.php(288): CodeIgniter\Autoloader\Autoloader->includeFile('C:\\xampp\\htdocs\\E_commerce\\app\\Controllers\\CategoryController.php')
 2 SYSTEMPATH\Autoloader\Autoloader.php(266): CodeIgniter\Autoloader\Autoloader->loadInNamespace('App\\Controllers\\CategoryController')
 3 [internal function]: CodeIgniter\Autoloader\Autoloader->loadClass('App\\Controllers\\CategoryController')
 4 SYSTEMPATH\CodeIgniter.php(899): class_exists('\\App\\Controllers\\CategoryController', true)
 5 SYSTEMPATH\CodeIgniter.php(489): CodeIgniter\CodeIgniter->startController()
 6 SYSTEMPATH\CodeIgniter.php(361): CodeIgniter\CodeIgniter->handleRequest(null, Object(Config\Cache), false)
 7 FCPATH\index.php(79): CodeIgniter\CodeIgniter->run()
 8 SYSTEMPATH\Commands\Server\rewrite.php(47): require_once('C:\\xampp\\htdocs\\E_commerce\\public\\index.php')
CRITICAL - 2024-06-23 15:17:34 --> ParseError: syntax error, unexpected token "{", expecting ":"
in APPPATH\Controllers\CategoryController.php on line 40.
 1 SYSTEMPATH\Autoloader\Autoloader.php(288): CodeIgniter\Autoloader\Autoloader->includeFile('C:\\xampp\\htdocs\\E_commerce\\app\\Controllers\\CategoryController.php')
 2 SYSTEMPATH\Autoloader\Autoloader.php(266): CodeIgniter\Autoloader\Autoloader->loadInNamespace('App\\Controllers\\CategoryController')
 3 [internal function]: CodeIgniter\Autoloader\Autoloader->loadClass('App\\Controllers\\CategoryController')
 4 SYSTEMPATH\CodeIgniter.php(899): class_exists('\\App\\Controllers\\CategoryController', true)
 5 SYSTEMPATH\CodeIgniter.php(489): CodeIgniter\CodeIgniter->startController()
 6 SYSTEMPATH\CodeIgniter.php(361): CodeIgniter\CodeIgniter->handleRequest(null, Object(Config\Cache), false)
 7 FCPATH\index.php(79): CodeIgniter\CodeIgniter->run()
 8 SYSTEMPATH\Commands\Server\rewrite.php(47): require_once('C:\\xampp\\htdocs\\E_commerce\\public\\index.php')
CRITICAL - 2024-06-23 15:17:34 --> ParseError: syntax error, unexpected token "{", expecting ":"
in APPPATH\Controllers\CategoryController.php on line 40.
 1 SYSTEMPATH\Autoloader\Autoloader.php(288): CodeIgniter\Autoloader\Autoloader->includeFile('C:\\xampp\\htdocs\\E_commerce\\app\\Controllers\\CategoryController.php')
 2 SYSTEMPATH\Autoloader\Autoloader.php(266): CodeIgniter\Autoloader\Autoloader->loadInNamespace('App\\Controllers\\CategoryController')
 3 [internal function]: CodeIgniter\Autoloader\Autoloader->loadClass('App\\Controllers\\CategoryController')
 4 SYSTEMPATH\CodeIgniter.php(899): class_exists('\\App\\Controllers\\CategoryController', true)
 5 SYSTEMPATH\CodeIgniter.php(489): CodeIgniter\CodeIgniter->startController()
 6 SYSTEMPATH\CodeIgniter.php(361): CodeIgniter\CodeIgniter->handleRequest(null, Object(Config\Cache), false)
 7 FCPATH\index.php(79): CodeIgniter\CodeIgniter->run()
 8 SYSTEMPATH\Commands\Server\rewrite.php(47): require_once('C:\\xampp\\htdocs\\E_commerce\\public\\index.php')
CRITICAL - 2024-06-23 15:19:35 --> ParseError: syntax error, unexpected token "="
in APPPATH\Controllers\CategoryController.php on line 35.
 1 SYSTEMPATH\Autoloader\Autoloader.php(288): CodeIgniter\Autoloader\Autoloader->includeFile('C:\\xampp\\htdocs\\E_commerce\\app\\Controllers\\CategoryController.php')
 2 SYSTEMPATH\Autoloader\Autoloader.php(266): CodeIgniter\Autoloader\Autoloader->loadInNamespace('App\\Controllers\\CategoryController')
 3 [internal function]: CodeIgniter\Autoloader\Autoloader->loadClass('App\\Controllers\\CategoryController')
 4 SYSTEMPATH\CodeIgniter.php(899): class_exists('\\App\\Controllers\\CategoryController', true)
 5 SYSTEMPATH\CodeIgniter.php(489): CodeIgniter\CodeIgniter->startController()
 6 SYSTEMPATH\CodeIgniter.php(361): CodeIgniter\CodeIgniter->handleRequest(null, Object(Config\Cache), false)
 7 FCPATH\index.php(79): CodeIgniter\CodeIgniter->run()
 8 SYSTEMPATH\Commands\Server\rewrite.php(47): require_once('C:\\xampp\\htdocs\\E_commerce\\public\\index.php')
CRITICAL - 2024-06-23 16:43:39 --> ParseError: Unclosed '{' on line 20
in APPPATH\Controllers\CategoryController.php on line 74.
 1 SYSTEMPATH\Autoloader\Autoloader.php(288): CodeIgniter\Autoloader\Autoloader->includeFile('C:\\xampp\\htdocs\\E_commerce\\app\\Controllers\\CategoryController.php')
 2 SYSTEMPATH\Autoloader\Autoloader.php(266): CodeIgniter\Autoloader\Autoloader->loadInNamespace('App\\Controllers\\CategoryController')
 3 [internal function]: CodeIgniter\Autoloader\Autoloader->loadClass('App\\Controllers\\CategoryController')
 4 SYSTEMPATH\CodeIgniter.php(899): class_exists('\\App\\Controllers\\CategoryController', true)
 5 SYSTEMPATH\CodeIgniter.php(489): CodeIgniter\CodeIgniter->startController()
 6 SYSTEMPATH\CodeIgniter.php(361): CodeIgniter\CodeIgniter->handleRequest(null, Object(Config\Cache), false)
 7 FCPATH\index.php(79): CodeIgniter\CodeIgniter->run()
 8 SYSTEMPATH\Commands\Server\rewrite.php(47): require_once('C:\\xampp\\htdocs\\E_commerce\\public\\index.php')
CRITICAL - 2024-06-23 17:39:23 --> TypeError: CodeIgniter\BaseModel::transformDataToArray(): Return value must be of type array, string returned
in SYSTEMPATH\BaseModel.php on line 1804.
 1 SYSTEMPATH\BaseModel.php(768): CodeIgniter\BaseModel->transformDataToArray('/images1/women/brands/brand1.jpg', 'insert')
 2 SYSTEMPATH\Model.php(744): CodeIgniter\BaseModel->insert('/images1/women/brands/brand1.jpg', true)
 3 APPPATH\Controllers\CategoryController.php(43): CodeIgniter\Model->insert('/images1/women/brands/brand1.jpg')
 4 SYSTEMPATH\CodeIgniter.php(941): App\Controllers\CategoryController->somanipassdata()
 5 SYSTEMPATH\CodeIgniter.php(502): CodeIgniter\CodeIgniter->runController(Object(App\Controllers\CategoryController))
 6 SYSTEMPATH\CodeIgniter.php(361): CodeIgniter\CodeIgniter->handleRequest(null, Object(Config\Cache), false)
 7 FCPATH\index.php(79): CodeIgniter\CodeIgniter->run()
 8 SYSTEMPATH\Commands\Server\rewrite.php(47): require_once('C:\\xampp\\htdocs\\E_commerce\\public\\index.php')
CRITICAL - 2024-06-23 17:54:14 --> ErrorException: Undefined variable $detail
in APPPATH\Views\Cart\cart.php on line 27.
 1 APPPATH\Views\Cart\cart.php(27): CodeIgniter\Debug\Exceptions->errorHandler(2, 'Undefined variable $detail', 'C:\\xampp\\htdocs\\E_commerce\\app\\Views\\Cart\\cart.php', 27)
 2 SYSTEMPATH\View\View.php(228): include('C:\\xampp\\htdocs\\E_commerce\\app\\Views\\Cart\\cart.php')
 3 SYSTEMPATH\View\View.php(231): CodeIgniter\View\View->CodeIgniter\View\{closure}()
 4 SYSTEMPATH\Common.php(1178): CodeIgniter\View\View->render('Cart/cart', [], true)
 5 APPPATH\Controllers\CategoryController.php(13): view('Cart/cart')
 6 SYSTEMPATH\CodeIgniter.php(941): App\Controllers\CategoryController->cart()
 7 SYSTEMPATH\CodeIgniter.php(502): CodeIgniter\CodeIgniter->runController(Object(App\Controllers\CategoryController))
 8 SYSTEMPATH\CodeIgniter.php(361): CodeIgniter\CodeIgniter->handleRequest(null, Object(Config\Cache), false)
 9 FCPATH\index.php(79): CodeIgniter\CodeIgniter->run()
10 SYSTEMPATH\Commands\Server\rewrite.php(47): require_once('C:\\xampp\\htdocs\\E_commerce\\public\\index.php')
CRITICAL - 2024-06-23 17:54:15 --> ErrorException: Undefined variable $detail
in APPPATH\Views\Cart\cart.php on line 27.
 1 APPPATH\Views\Cart\cart.php(27): CodeIgniter\Debug\Exceptions->errorHandler(2, 'Undefined variable $detail', 'C:\\xampp\\htdocs\\E_commerce\\app\\Views\\Cart\\cart.php', 27)
 2 SYSTEMPATH\View\View.php(228): include('C:\\xampp\\htdocs\\E_commerce\\app\\Views\\Cart\\cart.php')
 3 SYSTEMPATH\View\View.php(231): CodeIgniter\View\View->CodeIgniter\View\{closure}()
 4 SYSTEMPATH\Common.php(1178): CodeIgniter\View\View->render('Cart/cart', [], true)
 5 APPPATH\Controllers\CategoryController.php(13): view('Cart/cart')
 6 SYSTEMPATH\CodeIgniter.php(941): App\Controllers\CategoryController->cart()
 7 SYSTEMPATH\CodeIgniter.php(502): CodeIgniter\CodeIgniter->runController(Object(App\Controllers\CategoryController))
 8 SYSTEMPATH\CodeIgniter.php(361): CodeIgniter\CodeIgniter->handleRequest(null, Object(Config\Cache), false)
 9 FCPATH\index.php(79): CodeIgniter\CodeIgniter->run()
10 SYSTEMPATH\Commands\Server\rewrite.php(47): require_once('C:\\xampp\\htdocs\\E_commerce\\public\\index.php')
CRITICAL - 2024-06-23 17:54:38 --> ErrorException: Undefined variable $detail
in APPPATH\Views\Cart\cart.php on line 27.
 1 APPPATH\Views\Cart\cart.php(27): CodeIgniter\Debug\Exceptions->errorHandler(2, 'Undefined variable $detail', 'C:\\xampp\\htdocs\\E_commerce\\app\\Views\\Cart\\cart.php', 27)
 2 SYSTEMPATH\View\View.php(228): include('C:\\xampp\\htdocs\\E_commerce\\app\\Views\\Cart\\cart.php')
 3 SYSTEMPATH\View\View.php(231): CodeIgniter\View\View->CodeIgniter\View\{closure}()
 4 SYSTEMPATH\Common.php(1178): CodeIgniter\View\View->render('Cart/cart', [], true)
 5 APPPATH\Controllers\CategoryController.php(13): view('Cart/cart')
 6 SYSTEMPATH\CodeIgniter.php(941): App\Controllers\CategoryController->cart()
 7 SYSTEMPATH\CodeIgniter.php(502): CodeIgniter\CodeIgniter->runController(Object(App\Controllers\CategoryController))
 8 SYSTEMPATH\CodeIgniter.php(361): CodeIgniter\CodeIgniter->handleRequest(null, Object(Config\Cache), false)
 9 FCPATH\index.php(79): CodeIgniter\CodeIgniter->run()
10 SYSTEMPATH\Commands\Server\rewrite.php(47): require_once('C:\\xampp\\htdocs\\E_commerce\\public\\index.php')
CRITICAL - 2024-06-23 17:54:45 --> ErrorException: Undefined variable $data
in APPPATH\Views\Cart\cart.php on line 27.
 1 APPPATH\Views\Cart\cart.php(27): CodeIgniter\Debug\Exceptions->errorHandler(2, 'Undefined variable $data', 'C:\\xampp\\htdocs\\E_commerce\\app\\Views\\Cart\\cart.php', 27)
 2 SYSTEMPATH\View\View.php(228): include('C:\\xampp\\htdocs\\E_commerce\\app\\Views\\Cart\\cart.php')
 3 SYSTEMPATH\View\View.php(231): CodeIgniter\View\View->CodeIgniter\View\{closure}()
 4 SYSTEMPATH\Common.php(1178): CodeIgniter\View\View->render('Cart/cart', [], true)
 5 APPPATH\Controllers\CategoryController.php(13): view('Cart/cart')
 6 SYSTEMPATH\CodeIgniter.php(941): App\Controllers\CategoryController->cart()
 7 SYSTEMPATH\CodeIgniter.php(502): CodeIgniter\CodeIgniter->runController(Object(App\Controllers\CategoryController))
 8 SYSTEMPATH\CodeIgniter.php(361): CodeIgniter\CodeIgniter->handleRequest(null, Object(Config\Cache), false)
 9 FCPATH\index.php(79): CodeIgniter\CodeIgniter->run()
10 SYSTEMPATH\Commands\Server\rewrite.php(47): require_once('C:\\xampp\\htdocs\\E_commerce\\public\\index.php')
CRITICAL - 2024-06-23 17:54:46 --> ErrorException: Undefined variable $data
in APPPATH\Views\Cart\cart.php on line 27.
 1 APPPATH\Views\Cart\cart.php(27): CodeIgniter\Debug\Exceptions->errorHandler(2, 'Undefined variable $data', 'C:\\xampp\\htdocs\\E_commerce\\app\\Views\\Cart\\cart.php', 27)
 2 SYSTEMPATH\View\View.php(228): include('C:\\xampp\\htdocs\\E_commerce\\app\\Views\\Cart\\cart.php')
 3 SYSTEMPATH\View\View.php(231): CodeIgniter\View\View->CodeIgniter\View\{closure}()
 4 SYSTEMPATH\Common.php(1178): CodeIgniter\View\View->render('Cart/cart', [], true)
 5 APPPATH\Controllers\CategoryController.php(13): view('Cart/cart')
 6 SYSTEMPATH\CodeIgniter.php(941): App\Controllers\CategoryController->cart()
 7 SYSTEMPATH\CodeIgniter.php(502): CodeIgniter\CodeIgniter->runController(Object(App\Controllers\CategoryController))
 8 SYSTEMPATH\CodeIgniter.php(361): CodeIgniter\CodeIgniter->handleRequest(null, Object(Config\Cache), false)
 9 FCPATH\index.php(79): CodeIgniter\CodeIgniter->run()
10 SYSTEMPATH\Commands\Server\rewrite.php(47): require_once('C:\\xampp\\htdocs\\E_commerce\\public\\index.php')
CRITICAL - 2024-06-23 17:54:46 --> ErrorException: Undefined variable $data
in APPPATH\Views\Cart\cart.php on line 27.
 1 APPPATH\Views\Cart\cart.php(27): CodeIgniter\Debug\Exceptions->errorHandler(2, 'Undefined variable $data', 'C:\\xampp\\htdocs\\E_commerce\\app\\Views\\Cart\\cart.php', 27)
 2 SYSTEMPATH\View\View.php(228): include('C:\\xampp\\htdocs\\E_commerce\\app\\Views\\Cart\\cart.php')
 3 SYSTEMPATH\View\View.php(231): CodeIgniter\View\View->CodeIgniter\View\{closure}()
 4 SYSTEMPATH\Common.php(1178): CodeIgniter\View\View->render('Cart/cart', [], true)
 5 APPPATH\Controllers\CategoryController.php(13): view('Cart/cart')
 6 SYSTEMPATH\CodeIgniter.php(941): App\Controllers\CategoryController->cart()
 7 SYSTEMPATH\CodeIgniter.php(502): CodeIgniter\CodeIgniter->runController(Object(App\Controllers\CategoryController))
 8 SYSTEMPATH\CodeIgniter.php(361): CodeIgniter\CodeIgniter->handleRequest(null, Object(Config\Cache), false)
 9 FCPATH\index.php(79): CodeIgniter\CodeIgniter->run()
10 SYSTEMPATH\Commands\Server\rewrite.php(47): require_once('C:\\xampp\\htdocs\\E_commerce\\public\\index.php')
CRITICAL - 2024-06-23 17:56:59 --> ErrorException: Undefined variable $data
in APPPATH\Views\Cart\viewimage.php on line 27.
 1 APPPATH\Views\Cart\viewimage.php(27): CodeIgniter\Debug\Exceptions->errorHandler(2, 'Undefined variable $data', 'C:\\xampp\\htdocs\\E_commerce\\app\\Views\\Cart\\viewimage.php', 27)
 2 SYSTEMPATH\View\View.php(228): include('C:\\xampp\\htdocs\\E_commerce\\app\\Views\\Cart\\viewimage.php')
 3 SYSTEMPATH\View\View.php(231): CodeIgniter\View\View->CodeIgniter\View\{closure}()
 4 SYSTEMPATH\Common.php(1178): CodeIgniter\View\View->render('Cart/viewimage', [], true)
 5 APPPATH\Controllers\CategoryController.php(53): view('Cart/viewimage', [...])
 6 SYSTEMPATH\CodeIgniter.php(941): App\Controllers\CategoryController->viewimage()
 7 SYSTEMPATH\CodeIgniter.php(502): CodeIgniter\CodeIgniter->runController(Object(App\Controllers\CategoryController))
 8 SYSTEMPATH\CodeIgniter.php(361): CodeIgniter\CodeIgniter->handleRequest(null, Object(Config\Cache), false)
 9 FCPATH\index.php(79): CodeIgniter\CodeIgniter->run()
10 SYSTEMPATH\Commands\Server\rewrite.php(47): require_once('C:\\xampp\\htdocs\\E_commerce\\public\\index.php')
CRITICAL - 2024-06-23 17:57:01 --> ErrorException: Undefined variable $data
in APPPATH\Views\Cart\viewimage.php on line 27.
 1 APPPATH\Views\Cart\viewimage.php(27): CodeIgniter\Debug\Exceptions->errorHandler(2, 'Undefined variable $data', 'C:\\xampp\\htdocs\\E_commerce\\app\\Views\\Cart\\viewimage.php', 27)
 2 SYSTEMPATH\View\View.php(228): include('C:\\xampp\\htdocs\\E_commerce\\app\\Views\\Cart\\viewimage.php')
 3 SYSTEMPATH\View\View.php(231): CodeIgniter\View\View->CodeIgniter\View\{closure}()
 4 SYSTEMPATH\Common.php(1178): CodeIgniter\View\View->render('Cart/viewimage', [], true)
 5 APPPATH\Controllers\CategoryController.php(53): view('Cart/viewimage', [...])
 6 SYSTEMPATH\CodeIgniter.php(941): App\Controllers\CategoryController->viewimage()
 7 SYSTEMPATH\CodeIgniter.php(502): CodeIgniter\CodeIgniter->runController(Object(App\Controllers\CategoryController))
 8 SYSTEMPATH\CodeIgniter.php(361): CodeIgniter\CodeIgniter->handleRequest(null, Object(Config\Cache), false)
 9 FCPATH\index.php(79): CodeIgniter\CodeIgniter->run()
10 SYSTEMPATH\Commands\Server\rewrite.php(47): require_once('C:\\xampp\\htdocs\\E_commerce\\public\\index.php')
CRITICAL - 2024-06-23 17:57:02 --> ErrorException: Undefined variable $data
in APPPATH\Views\Cart\viewimage.php on line 27.
 1 APPPATH\Views\Cart\viewimage.php(27): CodeIgniter\Debug\Exceptions->errorHandler(2, 'Undefined variable $data', 'C:\\xampp\\htdocs\\E_commerce\\app\\Views\\Cart\\viewimage.php', 27)
 2 SYSTEMPATH\View\View.php(228): include('C:\\xampp\\htdocs\\E_commerce\\app\\Views\\Cart\\viewimage.php')
 3 SYSTEMPATH\View\View.php(231): CodeIgniter\View\View->CodeIgniter\View\{closure}()
 4 SYSTEMPATH\Common.php(1178): CodeIgniter\View\View->render('Cart/viewimage', [], true)
 5 APPPATH\Controllers\CategoryController.php(53): view('Cart/viewimage', [...])
 6 SYSTEMPATH\CodeIgniter.php(941): App\Controllers\CategoryController->viewimage()
 7 SYSTEMPATH\CodeIgniter.php(502): CodeIgniter\CodeIgniter->runController(Object(App\Controllers\CategoryController))
 8 SYSTEMPATH\CodeIgniter.php(361): CodeIgniter\CodeIgniter->handleRequest(null, Object(Config\Cache), false)
 9 FCPATH\index.php(79): CodeIgniter\CodeIgniter->run()
10 SYSTEMPATH\Commands\Server\rewrite.php(47): require_once('C:\\xampp\\htdocs\\E_commerce\\public\\index.php')
CRITICAL - 2024-06-23 17:59:42 --> Error: Undefined constant "asasas"
in APPPATH\Views\Cart\viewimage.php on line 30.
 1 SYSTEMPATH\View\View.php(228): include()
 2 SYSTEMPATH\View\View.php(231): CodeIgniter\View\View->CodeIgniter\View\{closure}()
 3 SYSTEMPATH\Common.php(1178): CodeIgniter\View\View->render('Cart/viewimage', [], true)
 4 APPPATH\Controllers\CategoryController.php(53): view('Cart/viewimage', [...])
 5 SYSTEMPATH\CodeIgniter.php(941): App\Controllers\CategoryController->viewimage()
 6 SYSTEMPATH\CodeIgniter.php(502): CodeIgniter\CodeIgniter->runController(Object(App\Controllers\CategoryController))
 7 SYSTEMPATH\CodeIgniter.php(361): CodeIgniter\CodeIgniter->handleRequest(null, Object(Config\Cache), false)
 8 FCPATH\index.php(79): CodeIgniter\CodeIgniter->run()
 9 SYSTEMPATH\Commands\Server\rewrite.php(47): require_once('C:\\xampp\\htdocs\\E_commerce\\public\\index.php')
CRITICAL - 2024-06-23 20:26:41 --> CodeIgniter\Database\Exceptions\DataException: There is no data to insert.
in SYSTEMPATH\BaseModel.php on line 788.
 1 SYSTEMPATH\BaseModel.php(788): CodeIgniter\Database\Exceptions\DataException::forEmptyDataset('insert')
 2 SYSTEMPATH\Model.php(744): CodeIgniter\BaseModel->insert([], true)
 3 APPPATH\Controllers\CategoryController.php(35): CodeIgniter\Model->insert([...])
 4 SYSTEMPATH\CodeIgniter.php(941): App\Controllers\CategoryController->addtocart()
 5 SYSTEMPATH\CodeIgniter.php(502): CodeIgniter\CodeIgniter->runController(Object(App\Controllers\CategoryController))
 6 SYSTEMPATH\CodeIgniter.php(361): CodeIgniter\CodeIgniter->handleRequest(null, Object(Config\Cache), false)
 7 FCPATH\index.php(79): CodeIgniter\CodeIgniter->run()
 8 SYSTEMPATH\Commands\Server\rewrite.php(47): require_once('C:\\xampp\\htdocs\\E_commerce\\public\\index.php')
CRITICAL - 2024-06-23 20:27:47 --> CodeIgniter\Database\Exceptions\DataException: There is no data to insert.
in SYSTEMPATH\BaseModel.php on line 788.
 1 SYSTEMPATH\BaseModel.php(788): CodeIgniter\Database\Exceptions\DataException::forEmptyDataset('insert')
 2 SYSTEMPATH\Model.php(744): CodeIgniter\BaseModel->insert([], true)
 3 APPPATH\Controllers\CategoryController.php(35): CodeIgniter\Model->insert([...])
 4 SYSTEMPATH\CodeIgniter.php(941): App\Controllers\CategoryController->addtocart()
 5 SYSTEMPATH\CodeIgniter.php(502): CodeIgniter\CodeIgniter->runController(Object(App\Controllers\CategoryController))
 6 SYSTEMPATH\CodeIgniter.php(361): CodeIgniter\CodeIgniter->handleRequest(null, Object(Config\Cache), false)
 7 FCPATH\index.php(79): CodeIgniter\CodeIgniter->run()
 8 SYSTEMPATH\Commands\Server\rewrite.php(47): require_once('C:\\xampp\\htdocs\\E_commerce\\public\\index.php')
CRITICAL - 2024-06-23 20:56:29 --> ErrorException: Undefined array key ""
in APPPATH\Views\Cart\cart.php on line 32.
 1 APPPATH\Views\Cart\cart.php(32): CodeIgniter\Debug\Exceptions->errorHandler(2, 'Undefined array key ""', 'C:\\xampp\\htdocs\\E_commerce\\app\\Views\\Cart\\cart.php', 32)
 2 SYSTEMPATH\View\View.php(228): include('C:\\xampp\\htdocs\\E_commerce\\app\\Views\\Cart\\cart.php')
 3 SYSTEMPATH\View\View.php(231): CodeIgniter\View\View->CodeIgniter\View\{closure}()
 4 SYSTEMPATH\Common.php(1178): CodeIgniter\View\View->render('Cart/cart', [], true)
 5 APPPATH\Controllers\CategoryController.php(47): view('Cart/cart', [...])
 6 SYSTEMPATH\CodeIgniter.php(941): App\Controllers\CategoryController->viewcart()
 7 SYSTEMPATH\CodeIgniter.php(502): CodeIgniter\CodeIgniter->runController(Object(App\Controllers\CategoryController))
 8 SYSTEMPATH\CodeIgniter.php(361): CodeIgniter\CodeIgniter->handleRequest(null, Object(Config\Cache), false)
 9 FCPATH\index.php(79): CodeIgniter\CodeIgniter->run()
10 SYSTEMPATH\Commands\Server\rewrite.php(47): require_once('C:\\xampp\\htdocs\\E_commerce\\public\\index.php')
CRITICAL - 2024-06-23 20:57:32 --> ErrorException: Undefined array key ""
in APPPATH\Views\Cart\cart.php on line 30.
 1 APPPATH\Views\Cart\cart.php(30): CodeIgniter\Debug\Exceptions->errorHandler(2, 'Undefined array key ""', 'C:\\xampp\\htdocs\\E_commerce\\app\\Views\\Cart\\cart.php', 30)
 2 SYSTEMPATH\View\View.php(228): include('C:\\xampp\\htdocs\\E_commerce\\app\\Views\\Cart\\cart.php')
 3 SYSTEMPATH\View\View.php(231): CodeIgniter\View\View->CodeIgniter\View\{closure}()
 4 SYSTEMPATH\Common.php(1178): CodeIgniter\View\View->render('Cart/cart', [], true)
 5 APPPATH\Controllers\CategoryController.php(47): view('Cart/cart', [...])
 6 SYSTEMPATH\CodeIgniter.php(941): App\Controllers\CategoryController->viewcart()
 7 SYSTEMPATH\CodeIgniter.php(502): CodeIgniter\CodeIgniter->runController(Object(App\Controllers\CategoryController))
 8 SYSTEMPATH\CodeIgniter.php(361): CodeIgniter\CodeIgniter->handleRequest(null, Object(Config\Cache), false)
 9 FCPATH\index.php(79): CodeIgniter\CodeIgniter->run()
10 SYSTEMPATH\Commands\Server\rewrite.php(47): require_once('C:\\xampp\\htdocs\\E_commerce\\public\\index.php')
CRITICAL - 2024-06-23 20:57:48 --> ErrorException: Undefined variable $demo
in APPPATH\Views\Cart\cart.php on line 28.
 1 APPPATH\Views\Cart\cart.php(28): CodeIgniter\Debug\Exceptions->errorHandler(2, 'Undefined variable $demo', 'C:\\xampp\\htdocs\\E_commerce\\app\\Views\\Cart\\cart.php', 28)
 2 SYSTEMPATH\View\View.php(228): include('C:\\xampp\\htdocs\\E_commerce\\app\\Views\\Cart\\cart.php')
 3 SYSTEMPATH\View\View.php(231): CodeIgniter\View\View->CodeIgniter\View\{closure}()
 4 SYSTEMPATH\Common.php(1178): CodeIgniter\View\View->render('Cart/cart', [], true)
 5 APPPATH\Controllers\CategoryController.php(47): view('Cart/cart', [...])
 6 SYSTEMPATH\CodeIgniter.php(941): App\Controllers\CategoryController->viewcart()
 7 SYSTEMPATH\CodeIgniter.php(502): CodeIgniter\CodeIgniter->runController(Object(App\Controllers\CategoryController))
 8 SYSTEMPATH\CodeIgniter.php(361): CodeIgniter\CodeIgniter->handleRequest(null, Object(Config\Cache), false)
 9 FCPATH\index.php(79): CodeIgniter\CodeIgniter->run()
10 SYSTEMPATH\Commands\Server\rewrite.php(47): require_once('C:\\xampp\\htdocs\\E_commerce\\public\\index.php')
CRITICAL - 2024-06-23 20:57:53 --> ErrorException: Undefined variable $demo
in APPPATH\Views\Cart\cart.php on line 28.
 1 APPPATH\Views\Cart\cart.php(28): CodeIgniter\Debug\Exceptions->errorHandler(2, 'Undefined variable $demo', 'C:\\xampp\\htdocs\\E_commerce\\app\\Views\\Cart\\cart.php', 28)
 2 SYSTEMPATH\View\View.php(228): include('C:\\xampp\\htdocs\\E_commerce\\app\\Views\\Cart\\cart.php')
 3 SYSTEMPATH\View\View.php(231): CodeIgniter\View\View->CodeIgniter\View\{closure}()
 4 SYSTEMPATH\Common.php(1178): CodeIgniter\View\View->render('Cart/cart', [], true)
 5 APPPATH\Controllers\CategoryController.php(47): view('Cart/cart', [...])
 6 SYSTEMPATH\CodeIgniter.php(941): App\Controllers\CategoryController->viewcart()
 7 SYSTEMPATH\CodeIgniter.php(502): CodeIgniter\CodeIgniter->runController(Object(App\Controllers\CategoryController))
 8 SYSTEMPATH\CodeIgniter.php(361): CodeIgniter\CodeIgniter->handleRequest(null, Object(Config\Cache), false)
 9 FCPATH\index.php(79): CodeIgniter\CodeIgniter->run()
10 SYSTEMPATH\Commands\Server\rewrite.php(47): require_once('C:\\xampp\\htdocs\\E_commerce\\public\\index.php')
CRITICAL - 2024-06-23 20:58:26 --> ErrorException: Undefined variable $demo
in APPPATH\Views\Cart\cart.php on line 28.
 1 APPPATH\Views\Cart\cart.php(28): CodeIgniter\Debug\Exceptions->errorHandler(2, 'Undefined variable $demo', 'C:\\xampp\\htdocs\\E_commerce\\app\\Views\\Cart\\cart.php', 28)
 2 SYSTEMPATH\View\View.php(228): include('C:\\xampp\\htdocs\\E_commerce\\app\\Views\\Cart\\cart.php')
 3 SYSTEMPATH\View\View.php(231): CodeIgniter\View\View->CodeIgniter\View\{closure}()
 4 SYSTEMPATH\Common.php(1178): CodeIgniter\View\View->render('Cart/cart', [], true)
 5 APPPATH\Controllers\CategoryController.php(47): view('Cart/cart', [...])
 6 SYSTEMPATH\CodeIgniter.php(941): App\Controllers\CategoryController->viewcart()
 7 SYSTEMPATH\CodeIgniter.php(502): CodeIgniter\CodeIgniter->runController(Object(App\Controllers\CategoryController))
 8 SYSTEMPATH\CodeIgniter.php(361): CodeIgniter\CodeIgniter->handleRequest(null, Object(Config\Cache), false)
 9 FCPATH\index.php(79): CodeIgniter\CodeIgniter->run()
10 SYSTEMPATH\Commands\Server\rewrite.php(47): require_once('C:\\xampp\\htdocs\\E_commerce\\public\\index.php')
